{"/Users/klajdikolaj/PycharmProjects/Eternia/ui/src/App.tsx": {"path":"/Users/klajdikolaj/PycharmProjects/Eternia/ui/src/App.tsx","all":true,"statementMap":{"0":{"start":{"line":1,"column":0},"end":{"line":1,"column":49}},"1":{"start":{"line":2,"column":0},"end":{"line":2,"column":53}},"2":{"start":{"line":3,"column":0},"end":{"line":3,"column":63}},"3":{"start":{"line":4,"column":0},"end":{"line":4,"column":57}},"4":{"start":{"line":5,"column":0},"end":{"line":5,"column":49}},"5":{"start":{"line":6,"column":0},"end":{"line":6,"column":71}},"6":{"start":{"line":7,"column":0},"end":{"line":7,"column":68}},"7":{"start":{"line":8,"column":0},"end":{"line":8,"column":58}},"8":{"start":{"line":9,"column":0},"end":{"line":9,"column":66}},"9":{"start":{"line":10,"column":0},"end":{"line":10,"column":64}},"10":{"start":{"line":11,"column":0},"end":{"line":11,"column":73}},"11":{"start":{"line":12,"column":0},"end":{"line":12,"column":58}},"12":{"start":{"line":13,"column":0},"end":{"line":13,"column":49}},"13":{"start":{"line":14,"column":0},"end":{"line":14,"column":21}},"16":{"start":{"line":17,"column":0},"end":{"line":17,"column":84}},"17":{"start":{"line":18,"column":0},"end":{"line":18,"column":86}},"18":{"start":{"line":19,"column":0},"end":{"line":19,"column":88}},"20":{"start":{"line":21,"column":0},"end":{"line":21,"column":31}},"21":{"start":{"line":22,"column":0},"end":{"line":22,"column":12}},"22":{"start":{"line":23,"column":0},"end":{"line":23,"column":57}},"23":{"start":{"line":24,"column":0},"end":{"line":24,"column":34}},"24":{"start":{"line":25,"column":0},"end":{"line":25,"column":33}},"25":{"start":{"line":26,"column":0},"end":{"line":26,"column":63}},"26":{"start":{"line":27,"column":0},"end":{"line":27,"column":81}},"27":{"start":{"line":28,"column":0},"end":{"line":28,"column":94}},"29":{"start":{"line":30,"column":0},"end":{"line":30,"column":37}},"31":{"start":{"line":32,"column":0},"end":{"line":32,"column":83}},"32":{"start":{"line":33,"column":0},"end":{"line":33,"column":45}},"33":{"start":{"line":34,"column":0},"end":{"line":34,"column":49}},"34":{"start":{"line":35,"column":0},"end":{"line":35,"column":47}},"35":{"start":{"line":36,"column":0},"end":{"line":36,"column":50}},"37":{"start":{"line":38,"column":0},"end":{"line":38,"column":63}},"38":{"start":{"line":39,"column":0},"end":{"line":39,"column":53}},"39":{"start":{"line":40,"column":0},"end":{"line":40,"column":38}},"40":{"start":{"line":41,"column":0},"end":{"line":41,"column":45}},"42":{"start":{"line":43,"column":0},"end":{"line":43,"column":63}},"43":{"start":{"line":44,"column":0},"end":{"line":44,"column":53}},"44":{"start":{"line":45,"column":0},"end":{"line":45,"column":38}},"45":{"start":{"line":46,"column":0},"end":{"line":46,"column":50}},"46":{"start":{"line":47,"column":0},"end":{"line":47,"column":35}},"49":{"start":{"line":50,"column":0},"end":{"line":50,"column":52}},"52":{"start":{"line":53,"column":0},"end":{"line":53,"column":53}},"53":{"start":{"line":54,"column":0},"end":{"line":54,"column":30}},"54":{"start":{"line":55,"column":0},"end":{"line":55,"column":41}},"55":{"start":{"line":56,"column":0},"end":{"line":56,"column":34}},"56":{"start":{"line":57,"column":0},"end":{"line":57,"column":35}},"57":{"start":{"line":58,"column":0},"end":{"line":58,"column":30}},"59":{"start":{"line":60,"column":0},"end":{"line":60,"column":1}}},"s":{"0":0,"1":0,"2":0,"3":0,"4":0,"5":0,"6":0,"7":0,"8":0,"9":0,"10":0,"11":0,"12":0,"13":0,"16":0,"17":0,"18":0,"20":0,"21":0,"22":0,"23":0,"24":0,"25":0,"26":0,"27":0,"29":0,"31":0,"32":0,"33":0,"34":0,"35":0,"37":0,"38":0,"39":0,"40":0,"42":0,"43":0,"44":0,"45":0,"46":0,"49":0,"52":0,"53":0,"54":0,"55":0,"56":0,"57":0,"59":0},"branchMap":{"0":{"type":"branch","line":1,"loc":{"start":{"line":1,"column":1492},"end":{"line":60,"column":-1439}},"locations":[{"start":{"line":1,"column":1492},"end":{"line":60,"column":-1439}}]}},"b":{"0":[0]},"fnMap":{"0":{"name":"(empty-report)","decl":{"start":{"line":1,"column":1492},"end":{"line":60,"column":-1439}},"loc":{"start":{"line":1,"column":1492},"end":{"line":60,"column":-1439}},"line":1}},"f":{"0":0}}
,"/Users/klajdikolaj/PycharmProjects/Eternia/ui/src/api.ts": {"path":"/Users/klajdikolaj/PycharmProjects/Eternia/ui/src/api.ts","all":false,"statementMap":{"0":{"start":{"line":1,"column":0},"end":{"line":1,"column":48}},"1":{"start":{"line":2,"column":0},"end":{"line":2,"column":56}},"4":{"start":{"line":5,"column":0},"end":{"line":5,"column":15}},"20":{"start":{"line":21,"column":0},"end":{"line":21,"column":26}},"21":{"start":{"line":22,"column":0},"end":{"line":22,"column":69}},"22":{"start":{"line":23,"column":0},"end":{"line":23,"column":3}},"25":{"start":{"line":26,"column":0},"end":{"line":26,"column":114}},"26":{"start":{"line":27,"column":0},"end":{"line":27,"column":110}},"29":{"start":{"line":30,"column":0},"end":{"line":30,"column":18}},"30":{"start":{"line":31,"column":0},"end":{"line":31,"column":75}},"31":{"start":{"line":32,"column":0},"end":{"line":32,"column":13}},"32":{"start":{"line":33,"column":0},"end":{"line":33,"column":20}},"33":{"start":{"line":34,"column":0},"end":{"line":34,"column":25}},"34":{"start":{"line":35,"column":0},"end":{"line":35,"column":20}},"36":{"start":{"line":37,"column":0},"end":{"line":37,"column":38}},"37":{"start":{"line":38,"column":0},"end":{"line":38,"column":20}},"38":{"start":{"line":39,"column":0},"end":{"line":39,"column":7}},"40":{"start":{"line":41,"column":0},"end":{"line":41,"column":53}},"41":{"start":{"line":42,"column":0},"end":{"line":42,"column":41}},"42":{"start":{"line":43,"column":0},"end":{"line":43,"column":41}},"43":{"start":{"line":44,"column":0},"end":{"line":44,"column":9}},"44":{"start":{"line":45,"column":0},"end":{"line":45,"column":41}},"45":{"start":{"line":46,"column":0},"end":{"line":46,"column":20}},"46":{"start":{"line":47,"column":0},"end":{"line":47,"column":25}},"47":{"start":{"line":48,"column":0},"end":{"line":48,"column":36}},"48":{"start":{"line":49,"column":0},"end":{"line":49,"column":35}},"49":{"start":{"line":50,"column":0},"end":{"line":50,"column":30}},"50":{"start":{"line":51,"column":0},"end":{"line":51,"column":39}},"51":{"start":{"line":52,"column":0},"end":{"line":52,"column":30}},"52":{"start":{"line":53,"column":0},"end":{"line":53,"column":9}},"53":{"start":{"line":54,"column":0},"end":{"line":54,"column":42}},"54":{"start":{"line":55,"column":0},"end":{"line":55,"column":20}},"55":{"start":{"line":56,"column":0},"end":{"line":56,"column":111}},"56":{"start":{"line":57,"column":0},"end":{"line":57,"column":27}},"57":{"start":{"line":58,"column":0},"end":{"line":58,"column":9}},"58":{"start":{"line":59,"column":0},"end":{"line":59,"column":41}},"59":{"start":{"line":60,"column":0},"end":{"line":60,"column":20}},"60":{"start":{"line":61,"column":0},"end":{"line":61,"column":17}},"61":{"start":{"line":62,"column":0},"end":{"line":62,"column":26}},"62":{"start":{"line":63,"column":0},"end":{"line":63,"column":35}},"63":{"start":{"line":64,"column":0},"end":{"line":64,"column":35}},"64":{"start":{"line":65,"column":0},"end":{"line":65,"column":34}},"65":{"start":{"line":66,"column":0},"end":{"line":66,"column":35}},"66":{"start":{"line":67,"column":0},"end":{"line":67,"column":39}},"67":{"start":{"line":68,"column":0},"end":{"line":68,"column":33}},"68":{"start":{"line":69,"column":0},"end":{"line":69,"column":18}},"69":{"start":{"line":70,"column":0},"end":{"line":70,"column":27}},"70":{"start":{"line":71,"column":0},"end":{"line":71,"column":9}},"71":{"start":{"line":72,"column":0},"end":{"line":72,"column":43}},"72":{"start":{"line":73,"column":0},"end":{"line":73,"column":43}},"73":{"start":{"line":74,"column":0},"end":{"line":74,"column":9}},"74":{"start":{"line":75,"column":0},"end":{"line":75,"column":43}},"75":{"start":{"line":76,"column":0},"end":{"line":76,"column":20}},"76":{"start":{"line":77,"column":0},"end":{"line":77,"column":89}},"77":{"start":{"line":78,"column":0},"end":{"line":78,"column":27}},"78":{"start":{"line":79,"column":0},"end":{"line":79,"column":9}},"79":{"start":{"line":80,"column":0},"end":{"line":80,"column":18}},"80":{"start":{"line":81,"column":0},"end":{"line":81,"column":6}},"83":{"start":{"line":84,"column":0},"end":{"line":84,"column":124}},"85":{"start":{"line":86,"column":0},"end":{"line":86,"column":142}},"86":{"start":{"line":87,"column":0},"end":{"line":87,"column":1}},"89":{"start":{"line":90,"column":0},"end":{"line":90,"column":40}},"91":{"start":{"line":92,"column":0},"end":{"line":92,"column":46}},"94":{"start":{"line":95,"column":0},"end":{"line":95,"column":44}},"96":{"start":{"line":97,"column":0},"end":{"line":97,"column":54}},"99":{"start":{"line":100,"column":0},"end":{"line":100,"column":41}},"101":{"start":{"line":102,"column":0},"end":{"line":102,"column":37}},"104":{"start":{"line":105,"column":0},"end":{"line":105,"column":15}},"105":{"start":{"line":106,"column":0},"end":{"line":106,"column":23}},"106":{"start":{"line":107,"column":0},"end":{"line":107,"column":29}},"107":{"start":{"line":108,"column":0},"end":{"line":108,"column":26}},"110":{"start":{"line":111,"column":0},"end":{"line":111,"column":28}},"111":{"start":{"line":112,"column":0},"end":{"line":112,"column":34}},"112":{"start":{"line":113,"column":0},"end":{"line":113,"column":32}},"115":{"start":{"line":116,"column":0},"end":{"line":116,"column":56}},"119":{"start":{"line":120,"column":0},"end":{"line":120,"column":53}},"121":{"start":{"line":122,"column":0},"end":{"line":122,"column":48}},"124":{"start":{"line":125,"column":0},"end":{"line":125,"column":16}},"125":{"start":{"line":126,"column":0},"end":{"line":126,"column":2}},"128":{"start":{"line":129,"column":0},"end":{"line":129,"column":23}},"129":{"start":{"line":130,"column":0},"end":{"line":130,"column":60}},"130":{"start":{"line":131,"column":0},"end":{"line":131,"column":26}},"131":{"start":{"line":132,"column":0},"end":{"line":132,"column":28}},"132":{"start":{"line":133,"column":0},"end":{"line":133,"column":72}},"133":{"start":{"line":134,"column":0},"end":{"line":134,"column":34}},"134":{"start":{"line":135,"column":0},"end":{"line":135,"column":88}},"135":{"start":{"line":136,"column":0},"end":{"line":136,"column":101}},"136":{"start":{"line":137,"column":0},"end":{"line":137,"column":34}},"137":{"start":{"line":138,"column":0},"end":{"line":138,"column":32}},"140":{"start":{"line":141,"column":0},"end":{"line":141,"column":39}},"142":{"start":{"line":143,"column":0},"end":{"line":143,"column":116}},"143":{"start":{"line":144,"column":0},"end":{"line":144,"column":114}},"144":{"start":{"line":145,"column":0},"end":{"line":145,"column":20}},"145":{"start":{"line":146,"column":0},"end":{"line":146,"column":21}},"146":{"start":{"line":147,"column":0},"end":{"line":147,"column":33}},"147":{"start":{"line":148,"column":0},"end":{"line":148,"column":77}},"148":{"start":{"line":149,"column":0},"end":{"line":149,"column":9}},"149":{"start":{"line":150,"column":0},"end":{"line":150,"column":21}},"150":{"start":{"line":151,"column":0},"end":{"line":151,"column":5}},"151":{"start":{"line":152,"column":0},"end":{"line":152,"column":27}},"152":{"start":{"line":153,"column":0},"end":{"line":153,"column":41}},"153":{"start":{"line":154,"column":0},"end":{"line":154,"column":82}},"155":{"start":{"line":156,"column":0},"end":{"line":156,"column":9}},"157":{"start":{"line":158,"column":0},"end":{"line":158,"column":36}},"159":{"start":{"line":160,"column":0},"end":{"line":160,"column":48}},"160":{"start":{"line":161,"column":0},"end":{"line":161,"column":145}},"161":{"start":{"line":162,"column":0},"end":{"line":162,"column":35}},"162":{"start":{"line":163,"column":0},"end":{"line":163,"column":28}},"163":{"start":{"line":164,"column":0},"end":{"line":164,"column":20}},"165":{"start":{"line":166,"column":0},"end":{"line":166,"column":91}},"166":{"start":{"line":167,"column":0},"end":{"line":167,"column":46}},"167":{"start":{"line":168,"column":0},"end":{"line":168,"column":40}},"168":{"start":{"line":169,"column":0},"end":{"line":169,"column":13}},"169":{"start":{"line":170,"column":0},"end":{"line":170,"column":9}},"172":{"start":{"line":173,"column":0},"end":{"line":173,"column":65}},"173":{"start":{"line":174,"column":0},"end":{"line":174,"column":66}},"174":{"start":{"line":175,"column":0},"end":{"line":175,"column":30}},"175":{"start":{"line":176,"column":0},"end":{"line":176,"column":17}},"176":{"start":{"line":177,"column":0},"end":{"line":177,"column":71}},"177":{"start":{"line":178,"column":0},"end":{"line":178,"column":99}},"180":{"start":{"line":181,"column":0},"end":{"line":181,"column":85}},"181":{"start":{"line":182,"column":0},"end":{"line":182,"column":74}},"182":{"start":{"line":183,"column":0},"end":{"line":183,"column":115}},"185":{"start":{"line":186,"column":0},"end":{"line":186,"column":107}},"186":{"start":{"line":187,"column":0},"end":{"line":187,"column":71}},"188":{"start":{"line":189,"column":0},"end":{"line":189,"column":34}},"189":{"start":{"line":190,"column":0},"end":{"line":190,"column":85}},"192":{"start":{"line":193,"column":0},"end":{"line":193,"column":42}},"193":{"start":{"line":194,"column":0},"end":{"line":194,"column":44}},"194":{"start":{"line":195,"column":0},"end":{"line":195,"column":39}},"195":{"start":{"line":196,"column":0},"end":{"line":196,"column":33}},"196":{"start":{"line":197,"column":0},"end":{"line":197,"column":17}},"197":{"start":{"line":198,"column":0},"end":{"line":198,"column":138}},"198":{"start":{"line":199,"column":0},"end":{"line":199,"column":25}},"199":{"start":{"line":200,"column":0},"end":{"line":200,"column":71}},"200":{"start":{"line":201,"column":0},"end":{"line":201,"column":13}},"201":{"start":{"line":202,"column":0},"end":{"line":202,"column":16}},"202":{"start":{"line":203,"column":0},"end":{"line":203,"column":65}},"203":{"start":{"line":204,"column":0},"end":{"line":204,"column":9}},"207":{"start":{"line":208,"column":0},"end":{"line":208,"column":66}},"208":{"start":{"line":209,"column":0},"end":{"line":209,"column":136}},"209":{"start":{"line":210,"column":0},"end":{"line":210,"column":31}},"210":{"start":{"line":211,"column":0},"end":{"line":211,"column":37}},"211":{"start":{"line":212,"column":0},"end":{"line":212,"column":9}},"214":{"start":{"line":215,"column":0},"end":{"line":215,"column":67}},"215":{"start":{"line":216,"column":0},"end":{"line":216,"column":135}},"216":{"start":{"line":217,"column":0},"end":{"line":217,"column":37}},"217":{"start":{"line":218,"column":0},"end":{"line":218,"column":9}},"220":{"start":{"line":221,"column":0},"end":{"line":221,"column":29}},"221":{"start":{"line":222,"column":0},"end":{"line":222,"column":56}},"223":{"start":{"line":224,"column":0},"end":{"line":224,"column":42}},"224":{"start":{"line":225,"column":0},"end":{"line":225,"column":17}},"226":{"start":{"line":227,"column":0},"end":{"line":227,"column":44}},"227":{"start":{"line":228,"column":0},"end":{"line":228,"column":94}},"228":{"start":{"line":229,"column":0},"end":{"line":229,"column":128}},"229":{"start":{"line":230,"column":0},"end":{"line":230,"column":83}},"230":{"start":{"line":231,"column":0},"end":{"line":231,"column":17}},"232":{"start":{"line":233,"column":0},"end":{"line":233,"column":87}},"233":{"start":{"line":234,"column":0},"end":{"line":234,"column":79}},"235":{"start":{"line":236,"column":0},"end":{"line":236,"column":45}},"236":{"start":{"line":237,"column":0},"end":{"line":237,"column":73}},"238":{"start":{"line":239,"column":0},"end":{"line":239,"column":35}},"240":{"start":{"line":241,"column":0},"end":{"line":241,"column":44}},"241":{"start":{"line":242,"column":0},"end":{"line":242,"column":19}},"242":{"start":{"line":243,"column":0},"end":{"line":243,"column":59}},"244":{"start":{"line":245,"column":0},"end":{"line":245,"column":106}},"246":{"start":{"line":247,"column":0},"end":{"line":247,"column":37}},"247":{"start":{"line":248,"column":0},"end":{"line":248,"column":72}},"248":{"start":{"line":249,"column":0},"end":{"line":249,"column":74}},"249":{"start":{"line":250,"column":0},"end":{"line":250,"column":17}},"251":{"start":{"line":252,"column":0},"end":{"line":252,"column":43}},"252":{"start":{"line":253,"column":0},"end":{"line":253,"column":81}},"253":{"start":{"line":254,"column":0},"end":{"line":254,"column":67}},"254":{"start":{"line":255,"column":0},"end":{"line":255,"column":17}},"256":{"start":{"line":257,"column":0},"end":{"line":257,"column":44}},"259":{"start":{"line":260,"column":0},"end":{"line":260,"column":103}},"260":{"start":{"line":261,"column":0},"end":{"line":261,"column":63}},"263":{"start":{"line":264,"column":0},"end":{"line":264,"column":45}},"264":{"start":{"line":265,"column":0},"end":{"line":265,"column":66}},"265":{"start":{"line":266,"column":0},"end":{"line":266,"column":33}},"266":{"start":{"line":267,"column":0},"end":{"line":267,"column":40}},"267":{"start":{"line":268,"column":0},"end":{"line":268,"column":20}},"268":{"start":{"line":269,"column":0},"end":{"line":269,"column":119}},"271":{"start":{"line":272,"column":0},"end":{"line":272,"column":81}},"272":{"start":{"line":273,"column":0},"end":{"line":273,"column":75}},"275":{"start":{"line":276,"column":0},"end":{"line":276,"column":38}},"276":{"start":{"line":277,"column":0},"end":{"line":277,"column":29}},"277":{"start":{"line":278,"column":0},"end":{"line":278,"column":38}},"278":{"start":{"line":279,"column":0},"end":{"line":279,"column":51}},"279":{"start":{"line":280,"column":0},"end":{"line":280,"column":63}},"282":{"start":{"line":283,"column":0},"end":{"line":283,"column":66}},"285":{"start":{"line":286,"column":0},"end":{"line":286,"column":91}},"286":{"start":{"line":287,"column":0},"end":{"line":287,"column":73}},"287":{"start":{"line":288,"column":0},"end":{"line":288,"column":79}},"288":{"start":{"line":289,"column":0},"end":{"line":289,"column":72}},"290":{"start":{"line":291,"column":0},"end":{"line":291,"column":70}},"291":{"start":{"line":292,"column":0},"end":{"line":292,"column":69}},"292":{"start":{"line":293,"column":0},"end":{"line":293,"column":24}},"294":{"start":{"line":295,"column":0},"end":{"line":295,"column":119}},"295":{"start":{"line":296,"column":0},"end":{"line":296,"column":17}},"296":{"start":{"line":297,"column":0},"end":{"line":297,"column":35}},"299":{"start":{"line":300,"column":0},"end":{"line":300,"column":53}},"300":{"start":{"line":301,"column":0},"end":{"line":301,"column":27}},"301":{"start":{"line":302,"column":0},"end":{"line":302,"column":59}},"304":{"start":{"line":305,"column":0},"end":{"line":305,"column":93}},"307":{"start":{"line":308,"column":0},"end":{"line":308,"column":38}},"308":{"start":{"line":309,"column":0},"end":{"line":309,"column":124}},"311":{"start":{"line":312,"column":0},"end":{"line":312,"column":70}},"313":{"start":{"line":314,"column":0},"end":{"line":314,"column":87}},"314":{"start":{"line":315,"column":0},"end":{"line":315,"column":105}},"316":{"start":{"line":317,"column":0},"end":{"line":317,"column":49}},"317":{"start":{"line":318,"column":0},"end":{"line":318,"column":83}},"319":{"start":{"line":320,"column":0},"end":{"line":320,"column":113}},"320":{"start":{"line":321,"column":0},"end":{"line":321,"column":89}},"321":{"start":{"line":322,"column":0},"end":{"line":322,"column":85}},"324":{"start":{"line":325,"column":0},"end":{"line":325,"column":42}},"327":{"start":{"line":328,"column":0},"end":{"line":328,"column":38}},"328":{"start":{"line":329,"column":0},"end":{"line":329,"column":48}},"329":{"start":{"line":330,"column":0},"end":{"line":330,"column":88}},"330":{"start":{"line":331,"column":0},"end":{"line":331,"column":53}},"331":{"start":{"line":332,"column":0},"end":{"line":332,"column":25}},"332":{"start":{"line":333,"column":0},"end":{"line":333,"column":94}},"334":{"start":{"line":335,"column":0},"end":{"line":335,"column":32}},"335":{"start":{"line":336,"column":0},"end":{"line":336,"column":17}},"338":{"start":{"line":339,"column":0},"end":{"line":339,"column":66}},"339":{"start":{"line":340,"column":0},"end":{"line":340,"column":116}},"340":{"start":{"line":341,"column":0},"end":{"line":341,"column":24}},"341":{"start":{"line":342,"column":0},"end":{"line":342,"column":108}},"343":{"start":{"line":344,"column":0},"end":{"line":344,"column":42}},"344":{"start":{"line":345,"column":0},"end":{"line":345,"column":17}},"346":{"start":{"line":347,"column":0},"end":{"line":347,"column":28}},"347":{"start":{"line":348,"column":0},"end":{"line":348,"column":23}},"350":{"start":{"line":351,"column":0},"end":{"line":351,"column":31}},"352":{"start":{"line":353,"column":0},"end":{"line":353,"column":28}},"355":{"start":{"line":356,"column":0},"end":{"line":356,"column":53}},"356":{"start":{"line":357,"column":0},"end":{"line":357,"column":102}},"357":{"start":{"line":358,"column":0},"end":{"line":358,"column":24}},"360":{"start":{"line":361,"column":0},"end":{"line":361,"column":56}},"361":{"start":{"line":362,"column":0},"end":{"line":362,"column":80}},"362":{"start":{"line":363,"column":0},"end":{"line":363,"column":53}},"363":{"start":{"line":364,"column":0},"end":{"line":364,"column":99}},"364":{"start":{"line":365,"column":0},"end":{"line":365,"column":17}},"367":{"start":{"line":368,"column":0},"end":{"line":368,"column":34}},"368":{"start":{"line":369,"column":0},"end":{"line":369,"column":64}},"370":{"start":{"line":371,"column":0},"end":{"line":371,"column":63}},"371":{"start":{"line":372,"column":0},"end":{"line":372,"column":49}},"372":{"start":{"line":373,"column":0},"end":{"line":373,"column":21}},"373":{"start":{"line":374,"column":0},"end":{"line":374,"column":31}},"376":{"start":{"line":377,"column":0},"end":{"line":377,"column":57}},"377":{"start":{"line":378,"column":0},"end":{"line":378,"column":35}},"378":{"start":{"line":379,"column":0},"end":{"line":379,"column":13}},"379":{"start":{"line":380,"column":0},"end":{"line":380,"column":13}},"380":{"start":{"line":381,"column":0},"end":{"line":381,"column":33}},"381":{"start":{"line":382,"column":0},"end":{"line":382,"column":21}},"382":{"start":{"line":383,"column":0},"end":{"line":383,"column":64}},"383":{"start":{"line":384,"column":0},"end":{"line":384,"column":45}},"384":{"start":{"line":385,"column":0},"end":{"line":385,"column":19}},"385":{"start":{"line":386,"column":0},"end":{"line":386,"column":33}},"386":{"start":{"line":387,"column":0},"end":{"line":387,"column":27}},"387":{"start":{"line":388,"column":0},"end":{"line":388,"column":20}},"388":{"start":{"line":389,"column":0},"end":{"line":389,"column":5}},"389":{"start":{"line":390,"column":0},"end":{"line":390,"column":2}},"392":{"start":{"line":393,"column":0},"end":{"line":393,"column":53}},"393":{"start":{"line":394,"column":0},"end":{"line":394,"column":58}},"394":{"start":{"line":395,"column":0},"end":{"line":395,"column":39}},"395":{"start":{"line":396,"column":0},"end":{"line":396,"column":2}},"401":{"start":{"line":402,"column":0},"end":{"line":402,"column":43}},"402":{"start":{"line":403,"column":0},"end":{"line":403,"column":33}},"403":{"start":{"line":404,"column":0},"end":{"line":404,"column":39}},"404":{"start":{"line":405,"column":0},"end":{"line":405,"column":2}},"405":{"start":{"line":406,"column":0},"end":{"line":406,"column":31}},"406":{"start":{"line":407,"column":0},"end":{"line":407,"column":56}},"407":{"start":{"line":408,"column":0},"end":{"line":408,"column":2}},"409":{"start":{"line":410,"column":0},"end":{"line":410,"column":35}},"410":{"start":{"line":411,"column":0},"end":{"line":411,"column":23}},"411":{"start":{"line":412,"column":0},"end":{"line":412,"column":29}},"412":{"start":{"line":413,"column":0},"end":{"line":413,"column":26}},"413":{"start":{"line":414,"column":0},"end":{"line":414,"column":28}},"414":{"start":{"line":415,"column":0},"end":{"line":415,"column":34}},"415":{"start":{"line":416,"column":0},"end":{"line":416,"column":32}},"416":{"start":{"line":417,"column":0},"end":{"line":417,"column":15}},"417":{"start":{"line":418,"column":0},"end":{"line":418,"column":22}},"418":{"start":{"line":419,"column":0},"end":{"line":419,"column":41}},"419":{"start":{"line":420,"column":0},"end":{"line":420,"column":37}},"420":{"start":{"line":421,"column":0},"end":{"line":421,"column":2}},"422":{"start":{"line":423,"column":0},"end":{"line":423,"column":52}},"423":{"start":{"line":424,"column":0},"end":{"line":424,"column":25}},"424":{"start":{"line":425,"column":0},"end":{"line":425,"column":75}},"425":{"start":{"line":426,"column":0},"end":{"line":426,"column":100}},"426":{"start":{"line":427,"column":0},"end":{"line":427,"column":71}},"427":{"start":{"line":428,"column":0},"end":{"line":428,"column":5}},"428":{"start":{"line":429,"column":0},"end":{"line":429,"column":2}},"430":{"start":{"line":431,"column":0},"end":{"line":431,"column":53}},"431":{"start":{"line":432,"column":0},"end":{"line":432,"column":33}},"432":{"start":{"line":433,"column":0},"end":{"line":433,"column":40}},"433":{"start":{"line":434,"column":0},"end":{"line":434,"column":25}},"434":{"start":{"line":435,"column":0},"end":{"line":435,"column":35}},"435":{"start":{"line":436,"column":0},"end":{"line":436,"column":89}},"436":{"start":{"line":437,"column":0},"end":{"line":437,"column":28}},"437":{"start":{"line":438,"column":0},"end":{"line":438,"column":33}},"438":{"start":{"line":439,"column":0},"end":{"line":439,"column":5}},"440":{"start":{"line":441,"column":0},"end":{"line":441,"column":101}},"441":{"start":{"line":442,"column":0},"end":{"line":442,"column":26}},"442":{"start":{"line":443,"column":0},"end":{"line":443,"column":35}},"444":{"start":{"line":445,"column":0},"end":{"line":445,"column":9}},"445":{"start":{"line":446,"column":0},"end":{"line":446,"column":41}},"446":{"start":{"line":447,"column":0},"end":{"line":447,"column":20}},"447":{"start":{"line":448,"column":0},"end":{"line":448,"column":70}},"448":{"start":{"line":449,"column":0},"end":{"line":449,"column":83}},"449":{"start":{"line":450,"column":0},"end":{"line":450,"column":101}},"450":{"start":{"line":451,"column":0},"end":{"line":451,"column":57}},"451":{"start":{"line":452,"column":0},"end":{"line":452,"column":44}},"452":{"start":{"line":453,"column":0},"end":{"line":453,"column":70}},"453":{"start":{"line":454,"column":0},"end":{"line":454,"column":64}},"454":{"start":{"line":455,"column":0},"end":{"line":455,"column":9}},"455":{"start":{"line":456,"column":0},"end":{"line":456,"column":75}},"456":{"start":{"line":457,"column":0},"end":{"line":457,"column":33}},"457":{"start":{"line":458,"column":0},"end":{"line":458,"column":28}},"458":{"start":{"line":459,"column":0},"end":{"line":459,"column":64}},"459":{"start":{"line":460,"column":0},"end":{"line":460,"column":67}},"460":{"start":{"line":461,"column":0},"end":{"line":461,"column":33}},"461":{"start":{"line":462,"column":0},"end":{"line":462,"column":5}},"462":{"start":{"line":463,"column":0},"end":{"line":463,"column":2}},"464":{"start":{"line":465,"column":0},"end":{"line":465,"column":93}},"465":{"start":{"line":466,"column":0},"end":{"line":466,"column":44}},"466":{"start":{"line":467,"column":0},"end":{"line":467,"column":33}},"467":{"start":{"line":468,"column":0},"end":{"line":468,"column":105}},"468":{"start":{"line":469,"column":0},"end":{"line":469,"column":2}},"469":{"start":{"line":470,"column":0},"end":{"line":470,"column":85}},"471":{"start":{"line":472,"column":0},"end":{"line":472,"column":101}},"472":{"start":{"line":473,"column":0},"end":{"line":473,"column":49}},"473":{"start":{"line":474,"column":0},"end":{"line":474,"column":21}},"474":{"start":{"line":475,"column":0},"end":{"line":475,"column":2}},"476":{"start":{"line":477,"column":0},"end":{"line":477,"column":47}},"477":{"start":{"line":478,"column":0},"end":{"line":478,"column":22}},"478":{"start":{"line":479,"column":0},"end":{"line":479,"column":77}},"479":{"start":{"line":480,"column":0},"end":{"line":480,"column":27}},"480":{"start":{"line":481,"column":0},"end":{"line":481,"column":30}},"481":{"start":{"line":482,"column":0},"end":{"line":482,"column":32}},"482":{"start":{"line":483,"column":0},"end":{"line":483,"column":38}},"483":{"start":{"line":484,"column":0},"end":{"line":484,"column":36}},"484":{"start":{"line":485,"column":0},"end":{"line":485,"column":45}},"485":{"start":{"line":486,"column":0},"end":{"line":486,"column":41}},"486":{"start":{"line":487,"column":0},"end":{"line":487,"column":68}},"487":{"start":{"line":488,"column":0},"end":{"line":488,"column":13}},"488":{"start":{"line":489,"column":0},"end":{"line":489,"column":2}},"490":{"start":{"line":491,"column":0},"end":{"line":491,"column":54}},"491":{"start":{"line":492,"column":0},"end":{"line":492,"column":33}},"492":{"start":{"line":493,"column":0},"end":{"line":493,"column":42}},"493":{"start":{"line":494,"column":0},"end":{"line":494,"column":76}},"494":{"start":{"line":495,"column":0},"end":{"line":495,"column":56}},"495":{"start":{"line":496,"column":0},"end":{"line":496,"column":19}},"496":{"start":{"line":497,"column":0},"end":{"line":497,"column":26}},"497":{"start":{"line":498,"column":0},"end":{"line":498,"column":43}},"498":{"start":{"line":499,"column":0},"end":{"line":499,"column":5}},"499":{"start":{"line":500,"column":0},"end":{"line":500,"column":2}},"501":{"start":{"line":502,"column":0},"end":{"line":502,"column":54}},"502":{"start":{"line":503,"column":0},"end":{"line":503,"column":33}},"503":{"start":{"line":504,"column":0},"end":{"line":504,"column":42}},"504":{"start":{"line":505,"column":0},"end":{"line":505,"column":70}},"505":{"start":{"line":506,"column":0},"end":{"line":506,"column":56}},"506":{"start":{"line":507,"column":0},"end":{"line":507,"column":19}},"507":{"start":{"line":508,"column":0},"end":{"line":508,"column":26}},"508":{"start":{"line":509,"column":0},"end":{"line":509,"column":37}},"509":{"start":{"line":510,"column":0},"end":{"line":510,"column":5}},"510":{"start":{"line":511,"column":0},"end":{"line":511,"column":2}},"513":{"start":{"line":514,"column":0},"end":{"line":514,"column":30}},"514":{"start":{"line":515,"column":0},"end":{"line":515,"column":27}},"515":{"start":{"line":516,"column":0},"end":{"line":516,"column":22}},"516":{"start":{"line":517,"column":0},"end":{"line":517,"column":36}},"517":{"start":{"line":518,"column":0},"end":{"line":518,"column":61}},"518":{"start":{"line":519,"column":0},"end":{"line":519,"column":41}},"519":{"start":{"line":520,"column":0},"end":{"line":520,"column":9}},"521":{"start":{"line":522,"column":0},"end":{"line":522,"column":43}},"523":{"start":{"line":524,"column":0},"end":{"line":524,"column":36}},"524":{"start":{"line":525,"column":0},"end":{"line":525,"column":44}},"525":{"start":{"line":526,"column":0},"end":{"line":526,"column":9}},"527":{"start":{"line":528,"column":0},"end":{"line":528,"column":36}},"528":{"start":{"line":529,"column":0},"end":{"line":529,"column":92}},"529":{"start":{"line":530,"column":0},"end":{"line":530,"column":57}},"530":{"start":{"line":531,"column":0},"end":{"line":531,"column":44}},"531":{"start":{"line":532,"column":0},"end":{"line":532,"column":9}},"533":{"start":{"line":534,"column":0},"end":{"line":534,"column":36}},"534":{"start":{"line":535,"column":0},"end":{"line":535,"column":95}},"535":{"start":{"line":536,"column":0},"end":{"line":536,"column":57}},"536":{"start":{"line":537,"column":0},"end":{"line":537,"column":44}},"537":{"start":{"line":538,"column":0},"end":{"line":538,"column":9}},"539":{"start":{"line":540,"column":0},"end":{"line":540,"column":37}},"540":{"start":{"line":541,"column":0},"end":{"line":541,"column":5}},"541":{"start":{"line":542,"column":0},"end":{"line":542,"column":2}},"544":{"start":{"line":545,"column":0},"end":{"line":545,"column":42}},"545":{"start":{"line":546,"column":0},"end":{"line":546,"column":62}},"546":{"start":{"line":547,"column":0},"end":{"line":547,"column":39}},"547":{"start":{"line":548,"column":0},"end":{"line":548,"column":9}},"548":{"start":{"line":549,"column":0},"end":{"line":549,"column":63}},"549":{"start":{"line":550,"column":0},"end":{"line":550,"column":31}},"550":{"start":{"line":551,"column":0},"end":{"line":551,"column":77}},"551":{"start":{"line":552,"column":0},"end":{"line":552,"column":26}},"552":{"start":{"line":553,"column":0},"end":{"line":553,"column":77}},"553":{"start":{"line":554,"column":0},"end":{"line":554,"column":24}},"554":{"start":{"line":555,"column":0},"end":{"line":555,"column":9}},"555":{"start":{"line":556,"column":0},"end":{"line":556,"column":13}},"556":{"start":{"line":557,"column":0},"end":{"line":557,"column":81}},"557":{"start":{"line":558,"column":0},"end":{"line":558,"column":5}},"558":{"start":{"line":559,"column":0},"end":{"line":559,"column":17}},"559":{"start":{"line":560,"column":0},"end":{"line":560,"column":2}},"561":{"start":{"line":562,"column":0},"end":{"line":562,"column":59}},"562":{"start":{"line":563,"column":0},"end":{"line":563,"column":41}},"563":{"start":{"line":564,"column":0},"end":{"line":564,"column":94}},"564":{"start":{"line":565,"column":0},"end":{"line":565,"column":9}},"565":{"start":{"line":566,"column":0},"end":{"line":566,"column":46}},"566":{"start":{"line":567,"column":0},"end":{"line":567,"column":68}},"567":{"start":{"line":568,"column":0},"end":{"line":568,"column":135}},"568":{"start":{"line":569,"column":0},"end":{"line":569,"column":9}},"569":{"start":{"line":570,"column":0},"end":{"line":570,"column":31}},"570":{"start":{"line":571,"column":0},"end":{"line":571,"column":28}},"571":{"start":{"line":572,"column":0},"end":{"line":572,"column":75}},"572":{"start":{"line":573,"column":0},"end":{"line":573,"column":33}},"573":{"start":{"line":574,"column":0},"end":{"line":574,"column":5}},"574":{"start":{"line":575,"column":0},"end":{"line":575,"column":17}},"575":{"start":{"line":576,"column":0},"end":{"line":576,"column":2}},"577":{"start":{"line":578,"column":0},"end":{"line":578,"column":60}},"578":{"start":{"line":579,"column":0},"end":{"line":579,"column":37}},"579":{"start":{"line":580,"column":0},"end":{"line":580,"column":22}},"580":{"start":{"line":581,"column":0},"end":{"line":581,"column":54}},"581":{"start":{"line":582,"column":0},"end":{"line":582,"column":52}},"582":{"start":{"line":583,"column":0},"end":{"line":583,"column":114}},"583":{"start":{"line":584,"column":0},"end":{"line":584,"column":78}},"584":{"start":{"line":585,"column":0},"end":{"line":585,"column":71}},"585":{"start":{"line":586,"column":0},"end":{"line":586,"column":33}},"586":{"start":{"line":587,"column":0},"end":{"line":587,"column":27}},"587":{"start":{"line":588,"column":0},"end":{"line":588,"column":46}},"588":{"start":{"line":589,"column":0},"end":{"line":589,"column":25}},"589":{"start":{"line":590,"column":0},"end":{"line":590,"column":93}},"590":{"start":{"line":591,"column":0},"end":{"line":591,"column":19}},"591":{"start":{"line":592,"column":0},"end":{"line":592,"column":9}},"592":{"start":{"line":593,"column":0},"end":{"line":593,"column":94}},"593":{"start":{"line":594,"column":0},"end":{"line":594,"column":136}},"594":{"start":{"line":595,"column":0},"end":{"line":595,"column":5}},"595":{"start":{"line":596,"column":0},"end":{"line":596,"column":82}},"596":{"start":{"line":597,"column":0},"end":{"line":597,"column":82}},"597":{"start":{"line":598,"column":0},"end":{"line":598,"column":2}},"599":{"start":{"line":600,"column":0},"end":{"line":600,"column":53}},"600":{"start":{"line":601,"column":0},"end":{"line":601,"column":33}},"601":{"start":{"line":602,"column":0},"end":{"line":602,"column":54}},"602":{"start":{"line":603,"column":0},"end":{"line":603,"column":114}},"603":{"start":{"line":604,"column":0},"end":{"line":604,"column":55}},"604":{"start":{"line":605,"column":0},"end":{"line":605,"column":116}},"605":{"start":{"line":606,"column":0},"end":{"line":606,"column":16}},"606":{"start":{"line":607,"column":0},"end":{"line":607,"column":86}},"607":{"start":{"line":608,"column":0},"end":{"line":608,"column":9}},"608":{"start":{"line":609,"column":0},"end":{"line":609,"column":5}},"609":{"start":{"line":610,"column":0},"end":{"line":610,"column":78}},"610":{"start":{"line":611,"column":0},"end":{"line":611,"column":2}},"613":{"start":{"line":614,"column":0},"end":{"line":614,"column":33}},"614":{"start":{"line":615,"column":0},"end":{"line":615,"column":22}},"616":{"start":{"line":617,"column":0},"end":{"line":617,"column":36}},"618":{"start":{"line":619,"column":0},"end":{"line":619,"column":9}},"619":{"start":{"line":620,"column":0},"end":{"line":620,"column":48}},"620":{"start":{"line":621,"column":0},"end":{"line":621,"column":40}},"621":{"start":{"line":622,"column":0},"end":{"line":622,"column":21}},"622":{"start":{"line":623,"column":0},"end":{"line":623,"column":54}},"623":{"start":{"line":624,"column":0},"end":{"line":624,"column":32}},"624":{"start":{"line":625,"column":0},"end":{"line":625,"column":5}},"625":{"start":{"line":626,"column":0},"end":{"line":626,"column":2}},"628":{"start":{"line":629,"column":0},"end":{"line":629,"column":34}},"629":{"start":{"line":630,"column":0},"end":{"line":630,"column":24}},"630":{"start":{"line":631,"column":0},"end":{"line":631,"column":54}},"631":{"start":{"line":632,"column":0},"end":{"line":632,"column":2}},"633":{"start":{"line":634,"column":0},"end":{"line":634,"column":46}},"634":{"start":{"line":635,"column":0},"end":{"line":635,"column":24}},"635":{"start":{"line":636,"column":0},"end":{"line":636,"column":37}},"636":{"start":{"line":637,"column":0},"end":{"line":637,"column":2}},"638":{"start":{"line":639,"column":0},"end":{"line":639,"column":40}},"639":{"start":{"line":640,"column":0},"end":{"line":640,"column":24}},"640":{"start":{"line":641,"column":0},"end":{"line":641,"column":63}},"641":{"start":{"line":642,"column":0},"end":{"line":642,"column":2}},"643":{"start":{"line":644,"column":0},"end":{"line":644,"column":49}},"644":{"start":{"line":645,"column":0},"end":{"line":645,"column":24}},"645":{"start":{"line":646,"column":0},"end":{"line":646,"column":65}},"646":{"start":{"line":647,"column":0},"end":{"line":647,"column":2}},"648":{"start":{"line":649,"column":0},"end":{"line":649,"column":49}},"649":{"start":{"line":650,"column":0},"end":{"line":650,"column":24}},"650":{"start":{"line":651,"column":0},"end":{"line":651,"column":50}},"651":{"start":{"line":652,"column":0},"end":{"line":652,"column":2}},"653":{"start":{"line":654,"column":0},"end":{"line":654,"column":72}},"654":{"start":{"line":655,"column":0},"end":{"line":655,"column":24}},"655":{"start":{"line":656,"column":0},"end":{"line":656,"column":57}},"656":{"start":{"line":657,"column":0},"end":{"line":657,"column":2}},"661":{"start":{"line":662,"column":0},"end":{"line":662,"column":42}},"662":{"start":{"line":663,"column":0},"end":{"line":663,"column":17}},"663":{"start":{"line":664,"column":0},"end":{"line":664,"column":32}},"664":{"start":{"line":665,"column":0},"end":{"line":665,"column":2}},"666":{"start":{"line":667,"column":0},"end":{"line":667,"column":45}},"667":{"start":{"line":668,"column":0},"end":{"line":668,"column":20}},"668":{"start":{"line":669,"column":0},"end":{"line":669,"column":28}},"669":{"start":{"line":670,"column":0},"end":{"line":670,"column":2}},"671":{"start":{"line":672,"column":0},"end":{"line":672,"column":48}},"672":{"start":{"line":673,"column":0},"end":{"line":673,"column":23}},"673":{"start":{"line":674,"column":0},"end":{"line":674,"column":33}},"674":{"start":{"line":675,"column":0},"end":{"line":675,"column":2}},"676":{"start":{"line":677,"column":0},"end":{"line":677,"column":44}},"677":{"start":{"line":678,"column":0},"end":{"line":678,"column":19}},"678":{"start":{"line":679,"column":0},"end":{"line":679,"column":38}},"679":{"start":{"line":680,"column":0},"end":{"line":680,"column":2}},"681":{"start":{"line":682,"column":0},"end":{"line":682,"column":47}},"682":{"start":{"line":683,"column":0},"end":{"line":683,"column":22}},"683":{"start":{"line":684,"column":0},"end":{"line":684,"column":30}},"684":{"start":{"line":685,"column":0},"end":{"line":685,"column":2}},"686":{"start":{"line":687,"column":0},"end":{"line":687,"column":44}},"687":{"start":{"line":688,"column":0},"end":{"line":688,"column":19}},"688":{"start":{"line":689,"column":0},"end":{"line":689,"column":27}},"689":{"start":{"line":690,"column":0},"end":{"line":690,"column":2}},"703":{"start":{"line":704,"column":0},"end":{"line":704,"column":34}},"704":{"start":{"line":705,"column":0},"end":{"line":705,"column":24}},"705":{"start":{"line":706,"column":0},"end":{"line":706,"column":59}},"706":{"start":{"line":707,"column":0},"end":{"line":707,"column":2}},"708":{"start":{"line":709,"column":0},"end":{"line":709,"column":42}},"709":{"start":{"line":710,"column":0},"end":{"line":710,"column":17}},"710":{"start":{"line":711,"column":0},"end":{"line":711,"column":27}},"711":{"start":{"line":712,"column":0},"end":{"line":712,"column":2}},"719":{"start":{"line":720,"column":0},"end":{"line":720,"column":55}},"720":{"start":{"line":721,"column":0},"end":{"line":721,"column":24}},"721":{"start":{"line":722,"column":0},"end":{"line":722,"column":48}},"722":{"start":{"line":723,"column":0},"end":{"line":723,"column":32}},"723":{"start":{"line":724,"column":0},"end":{"line":724,"column":25}},"724":{"start":{"line":725,"column":0},"end":{"line":725,"column":2}},"726":{"start":{"line":727,"column":0},"end":{"line":727,"column":47}},"727":{"start":{"line":728,"column":0},"end":{"line":728,"column":22}},"728":{"start":{"line":729,"column":0},"end":{"line":729,"column":33}},"729":{"start":{"line":730,"column":0},"end":{"line":730,"column":2}},"732":{"start":{"line":733,"column":0},"end":{"line":733,"column":52}},"733":{"start":{"line":734,"column":0},"end":{"line":734,"column":24}},"734":{"start":{"line":735,"column":0},"end":{"line":735,"column":58}},"735":{"start":{"line":736,"column":0},"end":{"line":736,"column":2}},"737":{"start":{"line":738,"column":0},"end":{"line":738,"column":44}},"738":{"start":{"line":739,"column":0},"end":{"line":739,"column":19}},"739":{"start":{"line":740,"column":0},"end":{"line":740,"column":27}},"740":{"start":{"line":741,"column":0},"end":{"line":741,"column":2}},"752":{"start":{"line":753,"column":0},"end":{"line":753,"column":36}},"753":{"start":{"line":754,"column":0},"end":{"line":754,"column":24}},"754":{"start":{"line":755,"column":0},"end":{"line":755,"column":63}},"755":{"start":{"line":756,"column":0},"end":{"line":756,"column":2}},"757":{"start":{"line":758,"column":0},"end":{"line":758,"column":44}},"758":{"start":{"line":759,"column":0},"end":{"line":759,"column":19}},"759":{"start":{"line":760,"column":0},"end":{"line":760,"column":29}},"760":{"start":{"line":761,"column":0},"end":{"line":761,"column":2}},"773":{"start":{"line":774,"column":0},"end":{"line":774,"column":35}},"774":{"start":{"line":775,"column":0},"end":{"line":775,"column":24}},"775":{"start":{"line":776,"column":0},"end":{"line":776,"column":61}},"776":{"start":{"line":777,"column":0},"end":{"line":777,"column":2}},"778":{"start":{"line":779,"column":0},"end":{"line":779,"column":43}},"779":{"start":{"line":780,"column":0},"end":{"line":780,"column":18}},"780":{"start":{"line":781,"column":0},"end":{"line":781,"column":28}},"781":{"start":{"line":782,"column":0},"end":{"line":782,"column":2}},"797":{"start":{"line":798,"column":0},"end":{"line":798,"column":75}},"798":{"start":{"line":799,"column":0},"end":{"line":799,"column":24}},"799":{"start":{"line":800,"column":0},"end":{"line":800,"column":78}},"800":{"start":{"line":801,"column":0},"end":{"line":801,"column":2}},"802":{"start":{"line":803,"column":0},"end":{"line":803,"column":108}},"803":{"start":{"line":804,"column":0},"end":{"line":804,"column":24}},"804":{"start":{"line":805,"column":0},"end":{"line":805,"column":112}},"805":{"start":{"line":806,"column":0},"end":{"line":806,"column":2}},"807":{"start":{"line":808,"column":0},"end":{"line":808,"column":48}},"808":{"start":{"line":809,"column":0},"end":{"line":809,"column":20}},"809":{"start":{"line":810,"column":0},"end":{"line":810,"column":39}},"810":{"start":{"line":811,"column":0},"end":{"line":811,"column":2}},"812":{"start":{"line":813,"column":0},"end":{"line":813,"column":53}},"813":{"start":{"line":814,"column":0},"end":{"line":814,"column":25}},"814":{"start":{"line":815,"column":0},"end":{"line":815,"column":45}},"815":{"start":{"line":816,"column":0},"end":{"line":816,"column":2}}},"s":{"0":1,"1":1,"4":1,"20":1,"21":1,"22":1,"25":1,"26":0,"29":1,"30":1,"31":19,"32":19,"33":19,"34":19,"36":19,"37":19,"38":19,"40":1,"41":19,"42":0,"43":0,"44":19,"45":0,"46":0,"47":0,"48":0,"49":0,"50":0,"51":0,"52":0,"53":19,"54":0,"55":0,"56":0,"57":0,"58":19,"59":0,"60":0,"61":0,"62":0,"63":0,"64":0,"65":0,"66":0,"67":0,"68":0,"69":0,"70":0,"71":19,"72":0,"73":0,"74":19,"75":0,"76":0,"77":0,"78":0,"79":19,"80":19,"83":1,"85":1,"86":1,"89":1,"91":0,"94":0,"96":0,"99":0,"101":0,"104":0,"105":0,"106":0,"107":0,"110":0,"111":0,"112":0,"115":0,"119":0,"121":0,"124":0,"125":0,"128":1,"129":1,"130":1,"131":1,"132":1,"133":1,"134":1,"135":1,"136":1,"137":1,"140":1,"142":55,"143":0,"144":55,"145":55,"146":4,"147":4,"148":4,"149":54,"150":54,"151":0,"152":0,"153":0,"155":0,"157":0,"159":0,"160":0,"161":0,"162":0,"163":0,"165":0,"166":0,"167":0,"168":0,"169":0,"172":0,"173":0,"174":0,"175":0,"176":0,"177":0,"180":0,"181":0,"182":0,"185":0,"186":0,"188":0,"189":0,"192":0,"193":0,"194":0,"195":0,"196":0,"197":0,"198":0,"199":0,"200":0,"201":0,"202":0,"203":0,"207":55,"208":0,"209":0,"210":0,"211":0,"214":55,"215":0,"216":0,"217":0,"220":0,"221":0,"223":0,"224":0,"226":0,"227":0,"228":0,"229":0,"230":0,"232":0,"233":0,"235":0,"236":0,"238":0,"240":0,"241":0,"242":0,"244":0,"246":0,"247":0,"248":0,"249":0,"251":0,"252":0,"253":0,"254":0,"256":0,"259":0,"260":0,"263":0,"264":0,"265":0,"266":0,"267":0,"268":0,"271":0,"272":0,"275":0,"276":0,"277":0,"278":0,"279":0,"282":0,"285":0,"286":0,"287":0,"288":0,"290":0,"291":0,"292":0,"294":0,"295":0,"296":0,"299":0,"300":0,"301":0,"304":0,"307":0,"308":0,"311":0,"313":0,"314":0,"316":0,"317":0,"319":0,"320":0,"321":0,"324":0,"327":0,"328":0,"329":0,"330":0,"331":0,"332":0,"334":0,"335":0,"338":0,"339":0,"340":0,"341":0,"343":0,"344":0,"346":0,"347":0,"350":0,"352":0,"355":0,"356":0,"357":0,"360":0,"361":0,"362":0,"363":0,"364":0,"367":0,"368":0,"370":0,"371":0,"372":0,"373":0,"376":0,"377":0,"378":0,"379":0,"380":0,"381":0,"382":0,"383":0,"384":0,"385":0,"386":0,"387":0,"388":0,"389":55,"392":1,"393":0,"394":0,"395":0,"401":1,"402":0,"403":0,"404":0,"405":1,"406":0,"407":0,"409":1,"410":0,"411":0,"412":0,"413":0,"414":0,"415":0,"416":0,"417":0,"418":0,"419":0,"420":0,"422":1,"423":0,"424":0,"425":0,"426":0,"427":0,"428":0,"430":1,"431":0,"432":0,"433":0,"434":0,"435":0,"436":0,"437":0,"438":0,"440":0,"441":0,"442":0,"444":0,"445":0,"446":0,"447":0,"448":0,"449":0,"450":0,"451":0,"452":0,"453":0,"454":0,"455":0,"456":0,"457":0,"458":0,"459":0,"460":0,"461":0,"462":0,"464":1,"465":1,"466":0,"467":0,"468":0,"469":1,"471":1,"472":0,"473":0,"474":0,"476":1,"477":0,"478":0,"479":0,"480":0,"481":0,"482":0,"483":0,"484":0,"485":0,"486":0,"487":0,"488":0,"490":1,"491":0,"492":0,"493":0,"494":0,"495":0,"496":0,"497":0,"498":0,"499":0,"501":1,"502":0,"503":0,"504":0,"505":0,"506":0,"507":0,"508":0,"509":0,"510":0,"513":1,"514":1,"515":1,"516":0,"517":0,"518":0,"519":0,"521":0,"523":0,"524":0,"525":0,"527":0,"528":0,"529":0,"530":0,"531":0,"533":0,"534":0,"535":0,"536":0,"537":0,"539":0,"540":0,"541":1,"544":1,"545":0,"546":0,"547":0,"548":0,"549":0,"550":0,"551":0,"552":0,"553":0,"554":0,"555":0,"556":0,"557":0,"558":0,"559":0,"561":1,"562":0,"563":0,"564":0,"565":0,"566":0,"567":0,"568":0,"569":0,"570":0,"571":0,"572":0,"573":0,"574":0,"575":0,"577":1,"578":0,"579":0,"580":0,"581":0,"582":0,"583":0,"584":0,"585":0,"586":0,"587":0,"588":0,"589":0,"590":0,"591":0,"592":0,"593":0,"594":0,"595":0,"596":0,"597":0,"599":1,"600":0,"601":0,"602":0,"603":0,"604":0,"605":0,"606":0,"607":0,"608":0,"609":0,"610":0,"613":1,"614":19,"616":0,"618":0,"619":0,"620":0,"621":0,"622":0,"623":0,"624":0,"625":19,"628":1,"629":19,"630":19,"631":19,"633":1,"634":0,"635":0,"636":0,"638":1,"639":0,"640":0,"641":0,"643":1,"644":0,"645":0,"646":0,"648":1,"649":0,"650":0,"651":0,"653":1,"654":0,"655":0,"656":0,"661":1,"662":1,"663":1,"664":1,"666":1,"667":1,"668":1,"669":1,"671":1,"672":1,"673":1,"674":1,"676":1,"677":1,"678":1,"679":1,"681":1,"682":1,"683":1,"684":1,"686":1,"687":1,"688":1,"689":1,"703":1,"704":0,"705":0,"706":0,"708":1,"709":1,"710":1,"711":1,"719":1,"720":0,"721":0,"722":0,"723":0,"724":0,"726":1,"727":1,"728":1,"729":1,"732":1,"733":0,"734":0,"735":0,"737":1,"738":1,"739":1,"740":1,"752":1,"753":0,"754":0,"755":0,"757":1,"758":1,"759":1,"760":1,"773":1,"774":0,"775":0,"776":0,"778":1,"779":1,"780":1,"781":1,"797":1,"798":0,"799":0,"800":0,"802":1,"803":0,"804":0,"805":0,"807":1,"808":1,"809":1,"810":1,"812":1,"813":1,"814":1,"815":1},"branchMap":{"0":{"type":"branch","line":22,"loc":{"start":{"line":22,"column":29},"end":{"line":22,"column":69}},"locations":[{"start":{"line":22,"column":29},"end":{"line":22,"column":69}}]},"1":{"type":"branch","line":26,"loc":{"start":{"line":26,"column":68},"end":{"line":26,"column":114}},"locations":[{"start":{"line":26,"column":68},"end":{"line":26,"column":114}}]},"2":{"type":"branch","line":26,"loc":{"start":{"line":26,"column":103},"end":{"line":27,"column":110}},"locations":[{"start":{"line":26,"column":103},"end":{"line":27,"column":110}}]},"3":{"type":"branch","line":31,"loc":{"start":{"line":31,"column":25},"end":{"line":39,"column":7}},"locations":[{"start":{"line":31,"column":25},"end":{"line":39,"column":7}}]},"4":{"type":"branch","line":41,"loc":{"start":{"line":41,"column":26},"end":{"line":81,"column":6}},"locations":[{"start":{"line":41,"column":26},"end":{"line":81,"column":6}}]},"5":{"type":"branch","line":42,"loc":{"start":{"line":42,"column":40},"end":{"line":44,"column":9}},"locations":[{"start":{"line":42,"column":40},"end":{"line":44,"column":9}}]},"6":{"type":"branch","line":45,"loc":{"start":{"line":45,"column":40},"end":{"line":53,"column":9}},"locations":[{"start":{"line":45,"column":40},"end":{"line":53,"column":9}}]},"7":{"type":"branch","line":54,"loc":{"start":{"line":54,"column":41},"end":{"line":58,"column":9}},"locations":[{"start":{"line":54,"column":41},"end":{"line":58,"column":9}}]},"8":{"type":"branch","line":59,"loc":{"start":{"line":59,"column":40},"end":{"line":71,"column":9}},"locations":[{"start":{"line":59,"column":40},"end":{"line":71,"column":9}}]},"9":{"type":"branch","line":72,"loc":{"start":{"line":72,"column":42},"end":{"line":74,"column":9}},"locations":[{"start":{"line":72,"column":42},"end":{"line":74,"column":9}}]},"10":{"type":"branch","line":75,"loc":{"start":{"line":75,"column":42},"end":{"line":79,"column":9}},"locations":[{"start":{"line":75,"column":42},"end":{"line":79,"column":9}}]},"11":{"type":"branch","line":84,"loc":{"start":{"line":84,"column":23},"end":{"line":84,"column":124}},"locations":[{"start":{"line":84,"column":23},"end":{"line":84,"column":124}}]},"12":{"type":"branch","line":141,"loc":{"start":{"line":141,"column":26},"end":{"line":390,"column":2}},"locations":[{"start":{"line":141,"column":26},"end":{"line":390,"column":2}}]},"13":{"type":"branch","line":143,"loc":{"start":{"line":143,"column":70},"end":{"line":143,"column":116}},"locations":[{"start":{"line":143,"column":70},"end":{"line":143,"column":116}}]},"14":{"type":"branch","line":143,"loc":{"start":{"line":143,"column":105},"end":{"line":144,"column":114}},"locations":[{"start":{"line":143,"column":105},"end":{"line":144,"column":114}}]},"15":{"type":"branch","line":146,"loc":{"start":{"line":146,"column":20},"end":{"line":149,"column":9}},"locations":[{"start":{"line":146,"column":20},"end":{"line":149,"column":9}}]},"16":{"type":"branch","line":149,"loc":{"start":{"line":149,"column":8},"end":{"line":151,"column":5}},"locations":[{"start":{"line":149,"column":8},"end":{"line":151,"column":5}}]},"17":{"type":"branch","line":151,"loc":{"start":{"line":151,"column":4},"end":{"line":208,"column":65}},"locations":[{"start":{"line":151,"column":4},"end":{"line":208,"column":65}}]},"18":{"type":"branch","line":208,"loc":{"start":{"line":208,"column":65},"end":{"line":215,"column":66}},"locations":[{"start":{"line":208,"column":65},"end":{"line":215,"column":66}}]},"19":{"type":"branch","line":215,"loc":{"start":{"line":215,"column":66},"end":{"line":389,"column":5}},"locations":[{"start":{"line":215,"column":66},"end":{"line":389,"column":5}}]},"20":{"type":"branch","line":614,"loc":{"start":{"line":614,"column":20},"end":{"line":626,"column":2}},"locations":[{"start":{"line":614,"column":20},"end":{"line":626,"column":2}}]},"21":{"type":"branch","line":615,"loc":{"start":{"line":615,"column":15},"end":{"line":625,"column":5}},"locations":[{"start":{"line":615,"column":15},"end":{"line":625,"column":5}}]},"22":{"type":"branch","line":629,"loc":{"start":{"line":629,"column":21},"end":{"line":632,"column":2}},"locations":[{"start":{"line":629,"column":21},"end":{"line":632,"column":2}}]},"23":{"type":"branch","line":631,"loc":{"start":{"line":631,"column":41},"end":{"line":631,"column":52}},"locations":[{"start":{"line":631,"column":41},"end":{"line":631,"column":52}}]}},"b":{"0":[0],"1":[0],"2":[0],"3":[19],"4":[19],"5":[0],"6":[0],"7":[0],"8":[0],"9":[0],"10":[0],"11":[19],"12":[55],"13":[0],"14":[0],"15":[4],"16":[54],"17":[0],"18":[0],"19":[0],"20":[19],"21":[0],"22":[19],"23":[19]},"fnMap":{"0":{"name":"makeResponse","decl":{"start":{"line":31,"column":25},"end":{"line":39,"column":7}},"loc":{"start":{"line":31,"column":25},"end":{"line":39,"column":7}},"line":31},"1":{"name":"getDataForUrl","decl":{"start":{"line":41,"column":26},"end":{"line":81,"column":6}},"loc":{"start":{"line":41,"column":26},"end":{"line":81,"column":6}},"line":41},"2":{"name":"api.get","decl":{"start":{"line":84,"column":23},"end":{"line":84,"column":124}},"loc":{"start":{"line":84,"column":23},"end":{"line":84,"column":124}},"line":84},"3":{"name":"api.post","decl":{"start":{"line":86,"column":24},"end":{"line":86,"column":142}},"loc":{"start":{"line":86,"column":24},"end":{"line":86,"column":142}},"line":86},"4":{"name":"cancelAllRequests","decl":{"start":{"line":90,"column":33},"end":{"line":126,"column":2}},"loc":{"start":{"line":90,"column":33},"end":{"line":126,"column":2}},"line":90},"5":{"name":"fetchToken","decl":{"start":{"line":141,"column":26},"end":{"line":390,"column":2}},"loc":{"start":{"line":141,"column":26},"end":{"line":390,"column":2}},"line":141},"6":{"name":"isUnauthorized","decl":{"start":{"line":393,"column":23},"end":{"line":396,"column":2}},"loc":{"start":{"line":393,"column":23},"end":{"line":396,"column":2}},"line":393},"7":{"name":"getRetryCount","decl":{"start":{"line":402,"column":22},"end":{"line":405,"column":2}},"loc":{"start":{"line":402,"column":22},"end":{"line":405,"column":2}},"line":402},"8":{"name":"clearAuthHeader","decl":{"start":{"line":406,"column":24},"end":{"line":408,"column":2}},"loc":{"start":{"line":406,"column":24},"end":{"line":408,"column":2}},"line":406},"9":{"name":"resetTokenStateHard","decl":{"start":{"line":410,"column":28},"end":{"line":421,"column":2}},"loc":{"start":{"line":410,"column":28},"end":{"line":421,"column":2}},"line":410},"10":{"name":"applyBackoff","decl":{"start":{"line":423,"column":21},"end":{"line":429,"column":2}},"loc":{"start":{"line":423,"column":21},"end":{"line":429,"column":2}},"line":423},"11":{"name":"retryWithNewToken","decl":{"start":{"line":431,"column":26},"end":{"line":463,"column":2}},"loc":{"start":{"line":431,"column":26},"end":{"line":463,"column":2}},"line":431},"12":{"name":"isNetworkError","decl":{"start":{"line":465,"column":23},"end":{"line":465,"column":93}},"loc":{"start":{"line":465,"column":23},"end":{"line":465,"column":93}},"line":465},"13":{"name":"isTimeoutError","decl":{"start":{"line":466,"column":23},"end":{"line":469,"column":2}},"loc":{"start":{"line":466,"column":23},"end":{"line":469,"column":2}},"line":466},"14":{"name":"isTokenFetchUrl","decl":{"start":{"line":470,"column":24},"end":{"line":470,"column":85}},"loc":{"start":{"line":470,"column":24},"end":{"line":470,"column":85}},"line":470},"15":{"name":"markErrorFlag","decl":{"start":{"line":472,"column":22},"end":{"line":475,"column":2}},"loc":{"start":{"line":472,"column":22},"end":{"line":475,"column":2}},"line":472},"16":{"name":"scheduleSoftReset","decl":{"start":{"line":477,"column":26},"end":{"line":489,"column":2}},"loc":{"start":{"line":477,"column":26},"end":{"line":489,"column":2}},"line":477},"17":{"name":"handleNetworkSideEffects","decl":{"start":{"line":491,"column":33},"end":{"line":500,"column":2}},"loc":{"start":{"line":491,"column":33},"end":{"line":500,"column":2}},"line":491},"18":{"name":"handleTimeoutSideEffects","decl":{"start":{"line":502,"column":33},"end":{"line":511,"column":2}},"loc":{"start":{"line":502,"column":33},"end":{"line":511,"column":2}},"line":502},"19":{"name":"tryUseStoredToken","decl":{"start":{"line":545,"column":26},"end":{"line":560,"column":2}},"loc":{"start":{"line":545,"column":26},"end":{"line":560,"column":2}},"line":545},"20":{"name":"waitForOngoingFetch","decl":{"start":{"line":562,"column":28},"end":{"line":576,"column":2}},"loc":{"start":{"line":562,"column":28},"end":{"line":576,"column":2}},"line":562},"21":{"name":"fetchWithImmediateRetry","decl":{"start":{"line":578,"column":32},"end":{"line":598,"column":2}},"loc":{"start":{"line":578,"column":32},"end":{"line":598,"column":2}},"line":578},"22":{"name":"throwWithContext","decl":{"start":{"line":600,"column":25},"end":{"line":611,"column":2}},"loc":{"start":{"line":600,"column":25},"end":{"line":611,"column":2}},"line":600},"23":{"name":"ensureToken","decl":{"start":{"line":614,"column":20},"end":{"line":626,"column":2}},"loc":{"start":{"line":614,"column":20},"end":{"line":626,"column":2}},"line":614},"24":{"name":"baseGetState","decl":{"start":{"line":629,"column":21},"end":{"line":632,"column":2}},"loc":{"start":{"line":629,"column":21},"end":{"line":632,"column":2}},"line":629},"25":{"name":"baseSendCommand","decl":{"start":{"line":634,"column":24},"end":{"line":637,"column":2}},"loc":{"start":{"line":634,"column":24},"end":{"line":637,"column":2}},"line":634},"26":{"name":"baseGetCheckpoints","decl":{"start":{"line":639,"column":27},"end":{"line":642,"column":2}},"loc":{"start":{"line":639,"column":27},"end":{"line":642,"column":2}},"line":639},"27":{"name":"baseRollbackTo","decl":{"start":{"line":644,"column":23},"end":{"line":647,"column":2}},"loc":{"start":{"line":644,"column":23},"end":{"line":647,"column":2}},"line":644},"28":{"name":"baseTriggerRitual","decl":{"start":{"line":649,"column":26},"end":{"line":652,"column":2}},"loc":{"start":{"line":649,"column":26},"end":{"line":652,"column":2}},"line":649},"29":{"name":"baseSendReward","decl":{"start":{"line":654,"column":23},"end":{"line":657,"column":2}},"loc":{"start":{"line":654,"column":23},"end":{"line":657,"column":2}},"line":654},"30":{"name":"baseGetZones","decl":{"start":{"line":704,"column":21},"end":{"line":707,"column":2}},"loc":{"start":{"line":704,"column":21},"end":{"line":707,"column":2}},"line":704},"31":{"name":"baseGetZoneAssets","decl":{"start":{"line":720,"column":26},"end":{"line":725,"column":2}},"loc":{"start":{"line":720,"column":26},"end":{"line":725,"column":2}},"line":720},"32":{"name":"baseChangeZone","decl":{"start":{"line":733,"column":23},"end":{"line":736,"column":2}},"loc":{"start":{"line":733,"column":23},"end":{"line":736,"column":2}},"line":733},"33":{"name":"baseGetRituals","decl":{"start":{"line":753,"column":23},"end":{"line":756,"column":2}},"loc":{"start":{"line":753,"column":23},"end":{"line":756,"column":2}},"line":753},"34":{"name":"baseGetAgents","decl":{"start":{"line":774,"column":22},"end":{"line":777,"column":2}},"loc":{"start":{"line":774,"column":22},"end":{"line":777,"column":2}},"line":774},"35":{"name":"baseQuantumQrng","decl":{"start":{"line":798,"column":24},"end":{"line":801,"column":2}},"loc":{"start":{"line":798,"column":24},"end":{"line":801,"column":2}},"line":798},"36":{"name":"baseVariationalField","decl":{"start":{"line":803,"column":29},"end":{"line":806,"column":2}},"loc":{"start":{"line":803,"column":29},"end":{"line":806,"column":2}},"line":803}},"f":{"0":19,"1":19,"2":19,"3":0,"4":0,"5":55,"6":0,"7":0,"8":0,"9":0,"10":0,"11":0,"12":0,"13":0,"14":0,"15":0,"16":0,"17":0,"18":0,"19":0,"20":0,"21":0,"22":0,"23":19,"24":19,"25":0,"26":0,"27":0,"28":0,"29":0,"30":0,"31":0,"32":0,"33":0,"34":0,"35":0,"36":0}}
,"/Users/klajdikolaj/PycharmProjects/Eternia/ui/src/main.tsx": {"path":"/Users/klajdikolaj/PycharmProjects/Eternia/ui/src/main.tsx","all":true,"statementMap":{"0":{"start":{"line":1,"column":0},"end":{"line":1,"column":34}},"1":{"start":{"line":2,"column":0},"end":{"line":2,"column":45}},"2":{"start":{"line":3,"column":0},"end":{"line":3,"column":20}},"3":{"start":{"line":4,"column":0},"end":{"line":4,"column":27}},"5":{"start":{"line":6,"column":0},"end":{"line":6,"column":52}},"6":{"start":{"line":7,"column":0},"end":{"line":7,"column":14}},"7":{"start":{"line":8,"column":0},"end":{"line":8,"column":11}},"8":{"start":{"line":9,"column":0},"end":{"line":9,"column":16}},"9":{"start":{"line":10,"column":0},"end":{"line":10,"column":1}}},"s":{"0":0,"1":0,"2":0,"3":0,"5":0,"6":0,"7":0,"8":0,"9":0},"branchMap":{"0":{"type":"branch","line":1,"loc":{"start":{"line":1,"column":203},"end":{"line":10,"column":-148}},"locations":[{"start":{"line":1,"column":203},"end":{"line":10,"column":-148}}]}},"b":{"0":[0]},"fnMap":{"0":{"name":"(empty-report)","decl":{"start":{"line":1,"column":203},"end":{"line":10,"column":-148}},"loc":{"start":{"line":1,"column":203},"end":{"line":10,"column":-148}},"line":1}},"f":{"0":0}}
,"/Users/klajdikolaj/PycharmProjects/Eternia/ui/src/vite-env.d.ts": {"path":"/Users/klajdikolaj/PycharmProjects/Eternia/ui/src/vite-env.d.ts","all":true,"statementMap":{},"s":{},"branchMap":{"0":{"type":"branch","line":1,"loc":{"start":{"line":1,"column":37},"end":{"line":1,"column":37}},"locations":[{"start":{"line":1,"column":37},"end":{"line":1,"column":37}}]}},"b":{"0":[1]},"fnMap":{"0":{"name":"(empty-report)","decl":{"start":{"line":1,"column":37},"end":{"line":1,"column":37}},"loc":{"start":{"line":1,"column":37},"end":{"line":1,"column":37}},"line":1}},"f":{"0":1}}
,"/Users/klajdikolaj/PycharmProjects/Eternia/ui/src/components/AgentDashboard.tsx": {"path":"/Users/klajdikolaj/PycharmProjects/Eternia/ui/src/components/AgentDashboard.tsx","all":true,"statementMap":{"0":{"start":{"line":1,"column":0},"end":{"line":1,"column":65}},"1":{"start":{"line":2,"column":0},"end":{"line":2,"column":48}},"2":{"start":{"line":3,"column":0},"end":{"line":3,"column":57}},"3":{"start":{"line":4,"column":0},"end":{"line":4,"column":47}},"4":{"start":{"line":5,"column":0},"end":{"line":5,"column":45}},"5":{"start":{"line":6,"column":0},"end":{"line":6,"column":62}},"8":{"start":{"line":9,"column":0},"end":{"line":9,"column":71}},"9":{"start":{"line":10,"column":0},"end":{"line":10,"column":48}},"10":{"start":{"line":11,"column":0},"end":{"line":11,"column":48}},"11":{"start":{"line":12,"column":0},"end":{"line":12,"column":47}},"12":{"start":{"line":13,"column":0},"end":{"line":13,"column":49}},"13":{"start":{"line":14,"column":0},"end":{"line":14,"column":48}},"14":{"start":{"line":15,"column":0},"end":{"line":15,"column":50}},"15":{"start":{"line":16,"column":0},"end":{"line":16,"column":2}},"18":{"start":{"line":19,"column":0},"end":{"line":19,"column":55}},"19":{"start":{"line":20,"column":0},"end":{"line":20,"column":65}},"20":{"start":{"line":21,"column":0},"end":{"line":21,"column":65}},"21":{"start":{"line":22,"column":0},"end":{"line":22,"column":2}},"24":{"start":{"line":25,"column":0},"end":{"line":25,"column":58}},"26":{"start":{"line":27,"column":0},"end":{"line":27,"column":60}},"29":{"start":{"line":30,"column":0},"end":{"line":30,"column":29}},"30":{"start":{"line":31,"column":0},"end":{"line":31,"column":49}},"31":{"start":{"line":32,"column":0},"end":{"line":32,"column":57}},"33":{"start":{"line":34,"column":0},"end":{"line":34,"column":10}},"34":{"start":{"line":35,"column":0},"end":{"line":35,"column":165}},"35":{"start":{"line":36,"column":0},"end":{"line":36,"column":100}},"36":{"start":{"line":37,"column":0},"end":{"line":37,"column":10}},"38":{"start":{"line":39,"column":0},"end":{"line":39,"column":2}},"40":{"start":{"line":41,"column":0},"end":{"line":41,"column":43}},"41":{"start":{"line":42,"column":0},"end":{"line":42,"column":143}},"42":{"start":{"line":43,"column":0},"end":{"line":43,"column":2}},"44":{"start":{"line":45,"column":0},"end":{"line":45,"column":62}},"45":{"start":{"line":46,"column":0},"end":{"line":46,"column":38}},"46":{"start":{"line":47,"column":0},"end":{"line":47,"column":31}},"47":{"start":{"line":48,"column":0},"end":{"line":48,"column":19}},"48":{"start":{"line":49,"column":0},"end":{"line":49,"column":2}},"50":{"start":{"line":51,"column":0},"end":{"line":51,"column":42}},"51":{"start":{"line":52,"column":0},"end":{"line":52,"column":54}},"52":{"start":{"line":53,"column":0},"end":{"line":53,"column":59}},"53":{"start":{"line":54,"column":0},"end":{"line":54,"column":62}},"54":{"start":{"line":55,"column":0},"end":{"line":55,"column":74}},"55":{"start":{"line":56,"column":0},"end":{"line":56,"column":87}},"58":{"start":{"line":59,"column":0},"end":{"line":59,"column":62}},"59":{"start":{"line":60,"column":0},"end":{"line":60,"column":84}},"60":{"start":{"line":61,"column":0},"end":{"line":61,"column":49}},"63":{"start":{"line":64,"column":0},"end":{"line":64,"column":29}},"66":{"start":{"line":67,"column":0},"end":{"line":67,"column":8}},"67":{"start":{"line":68,"column":0},"end":{"line":68,"column":19}},"68":{"start":{"line":69,"column":0},"end":{"line":69,"column":20}},"69":{"start":{"line":70,"column":0},"end":{"line":70,"column":7}},"72":{"start":{"line":73,"column":0},"end":{"line":73,"column":49}},"73":{"start":{"line":74,"column":0},"end":{"line":74,"column":74}},"75":{"start":{"line":76,"column":0},"end":{"line":76,"column":49}},"77":{"start":{"line":78,"column":0},"end":{"line":78,"column":31}},"78":{"start":{"line":79,"column":0},"end":{"line":79,"column":39}},"81":{"start":{"line":82,"column":0},"end":{"line":82,"column":66}},"82":{"start":{"line":83,"column":0},"end":{"line":83,"column":34}},"83":{"start":{"line":84,"column":0},"end":{"line":84,"column":32}},"84":{"start":{"line":85,"column":0},"end":{"line":85,"column":19}},"85":{"start":{"line":86,"column":0},"end":{"line":86,"column":9}},"88":{"start":{"line":89,"column":0},"end":{"line":89,"column":68}},"89":{"start":{"line":90,"column":0},"end":{"line":90,"column":57}},"90":{"start":{"line":91,"column":0},"end":{"line":91,"column":9}},"92":{"start":{"line":93,"column":0},"end":{"line":93,"column":41}},"94":{"start":{"line":95,"column":0},"end":{"line":95,"column":13}},"95":{"start":{"line":96,"column":0},"end":{"line":96,"column":31}},"96":{"start":{"line":97,"column":0},"end":{"line":97,"column":43}},"97":{"start":{"line":98,"column":0},"end":{"line":98,"column":23}},"99":{"start":{"line":100,"column":0},"end":{"line":100,"column":61}},"100":{"start":{"line":101,"column":0},"end":{"line":101,"column":29}},"101":{"start":{"line":102,"column":0},"end":{"line":102,"column":64}},"102":{"start":{"line":103,"column":0},"end":{"line":103,"column":20}},"105":{"start":{"line":106,"column":0},"end":{"line":106,"column":44}},"106":{"start":{"line":107,"column":0},"end":{"line":107,"column":36}},"107":{"start":{"line":108,"column":0},"end":{"line":108,"column":43}},"108":{"start":{"line":109,"column":0},"end":{"line":109,"column":34}},"109":{"start":{"line":110,"column":0},"end":{"line":110,"column":18}},"110":{"start":{"line":111,"column":0},"end":{"line":111,"column":13}},"111":{"start":{"line":112,"column":0},"end":{"line":112,"column":27}},"112":{"start":{"line":113,"column":0},"end":{"line":113,"column":23}},"113":{"start":{"line":114,"column":0},"end":{"line":114,"column":58}},"114":{"start":{"line":115,"column":0},"end":{"line":115,"column":35}},"115":{"start":{"line":116,"column":0},"end":{"line":116,"column":19}},"116":{"start":{"line":117,"column":0},"end":{"line":117,"column":32}},"117":{"start":{"line":118,"column":0},"end":{"line":118,"column":9}},"118":{"start":{"line":119,"column":0},"end":{"line":119,"column":25}},"120":{"start":{"line":121,"column":0},"end":{"line":121,"column":21}},"121":{"start":{"line":122,"column":0},"end":{"line":122,"column":22}},"124":{"start":{"line":125,"column":0},"end":{"line":125,"column":46}},"125":{"start":{"line":126,"column":0},"end":{"line":126,"column":26}},"127":{"start":{"line":128,"column":0},"end":{"line":128,"column":27}},"128":{"start":{"line":129,"column":0},"end":{"line":129,"column":18}},"131":{"start":{"line":132,"column":0},"end":{"line":132,"column":47}},"132":{"start":{"line":133,"column":0},"end":{"line":133,"column":36}},"135":{"start":{"line":136,"column":0},"end":{"line":136,"column":35}},"136":{"start":{"line":137,"column":0},"end":{"line":137,"column":32}},"137":{"start":{"line":138,"column":0},"end":{"line":138,"column":81}},"138":{"start":{"line":139,"column":0},"end":{"line":139,"column":9}},"139":{"start":{"line":140,"column":0},"end":{"line":140,"column":6}},"141":{"start":{"line":142,"column":0},"end":{"line":142,"column":35}},"142":{"start":{"line":143,"column":0},"end":{"line":143,"column":32}},"143":{"start":{"line":144,"column":0},"end":{"line":144,"column":97}},"144":{"start":{"line":145,"column":0},"end":{"line":145,"column":9}},"145":{"start":{"line":146,"column":0},"end":{"line":146,"column":6}},"147":{"start":{"line":148,"column":0},"end":{"line":148,"column":40}},"148":{"start":{"line":149,"column":0},"end":{"line":149,"column":38}},"149":{"start":{"line":150,"column":0},"end":{"line":150,"column":39}},"150":{"start":{"line":151,"column":0},"end":{"line":151,"column":35}},"151":{"start":{"line":152,"column":0},"end":{"line":152,"column":25}},"152":{"start":{"line":153,"column":0},"end":{"line":153,"column":7}},"154":{"start":{"line":155,"column":0},"end":{"line":155,"column":105}},"155":{"start":{"line":156,"column":0},"end":{"line":156,"column":123}},"158":{"start":{"line":159,"column":0},"end":{"line":159,"column":36}},"159":{"start":{"line":160,"column":0},"end":{"line":160,"column":72}},"161":{"start":{"line":162,"column":0},"end":{"line":162,"column":48}},"162":{"start":{"line":163,"column":0},"end":{"line":163,"column":64}},"164":{"start":{"line":165,"column":0},"end":{"line":165,"column":16}},"165":{"start":{"line":166,"column":0},"end":{"line":166,"column":17}},"166":{"start":{"line":167,"column":0},"end":{"line":167,"column":35}},"167":{"start":{"line":168,"column":0},"end":{"line":168,"column":36}},"168":{"start":{"line":169,"column":0},"end":{"line":169,"column":29}},"169":{"start":{"line":170,"column":0},"end":{"line":170,"column":59}},"170":{"start":{"line":171,"column":0},"end":{"line":171,"column":53}},"172":{"start":{"line":173,"column":0},"end":{"line":173,"column":21}},"173":{"start":{"line":174,"column":0},"end":{"line":174,"column":85}},"174":{"start":{"line":175,"column":0},"end":{"line":175,"column":32}},"175":{"start":{"line":176,"column":0},"end":{"line":176,"column":115}},"177":{"start":{"line":178,"column":0},"end":{"line":178,"column":67}},"178":{"start":{"line":179,"column":0},"end":{"line":179,"column":75}},"179":{"start":{"line":180,"column":0},"end":{"line":180,"column":90}},"180":{"start":{"line":181,"column":0},"end":{"line":181,"column":26}},"181":{"start":{"line":182,"column":0},"end":{"line":182,"column":25}},"182":{"start":{"line":183,"column":0},"end":{"line":183,"column":72}},"183":{"start":{"line":184,"column":0},"end":{"line":184,"column":26}},"184":{"start":{"line":185,"column":0},"end":{"line":185,"column":67}},"185":{"start":{"line":186,"column":0},"end":{"line":186,"column":59}},"186":{"start":{"line":187,"column":0},"end":{"line":187,"column":30}},"187":{"start":{"line":188,"column":0},"end":{"line":188,"column":83}},"188":{"start":{"line":189,"column":0},"end":{"line":189,"column":81}},"190":{"start":{"line":191,"column":0},"end":{"line":191,"column":79}},"191":{"start":{"line":192,"column":0},"end":{"line":192,"column":56}},"192":{"start":{"line":193,"column":0},"end":{"line":193,"column":31}},"193":{"start":{"line":194,"column":0},"end":{"line":194,"column":26}},"194":{"start":{"line":195,"column":0},"end":{"line":195,"column":49}},"195":{"start":{"line":196,"column":0},"end":{"line":196,"column":64}},"196":{"start":{"line":197,"column":0},"end":{"line":197,"column":65}},"197":{"start":{"line":198,"column":0},"end":{"line":198,"column":81}},"198":{"start":{"line":199,"column":0},"end":{"line":199,"column":30}},"199":{"start":{"line":200,"column":0},"end":{"line":200,"column":68}},"200":{"start":{"line":201,"column":0},"end":{"line":201,"column":26}},"201":{"start":{"line":202,"column":0},"end":{"line":202,"column":22}},"204":{"start":{"line":205,"column":0},"end":{"line":205,"column":21}},"205":{"start":{"line":206,"column":0},"end":{"line":206,"column":70}},"206":{"start":{"line":207,"column":0},"end":{"line":207,"column":37}},"207":{"start":{"line":208,"column":0},"end":{"line":208,"column":49}},"209":{"start":{"line":210,"column":0},"end":{"line":210,"column":28}},"210":{"start":{"line":211,"column":0},"end":{"line":211,"column":49}},"211":{"start":{"line":212,"column":0},"end":{"line":212,"column":118}},"212":{"start":{"line":213,"column":0},"end":{"line":213,"column":51}},"213":{"start":{"line":214,"column":0},"end":{"line":214,"column":21}},"215":{"start":{"line":216,"column":0},"end":{"line":216,"column":29}},"216":{"start":{"line":217,"column":0},"end":{"line":217,"column":25}},"217":{"start":{"line":218,"column":0},"end":{"line":218,"column":57}},"218":{"start":{"line":219,"column":0},"end":{"line":219,"column":42}},"219":{"start":{"line":220,"column":0},"end":{"line":220,"column":42}},"221":{"start":{"line":222,"column":0},"end":{"line":222,"column":66}},"222":{"start":{"line":223,"column":0},"end":{"line":223,"column":26}},"223":{"start":{"line":224,"column":0},"end":{"line":224,"column":28}},"224":{"start":{"line":225,"column":0},"end":{"line":225,"column":49}},"225":{"start":{"line":226,"column":0},"end":{"line":226,"column":118}},"226":{"start":{"line":227,"column":0},"end":{"line":227,"column":47}},"227":{"start":{"line":228,"column":0},"end":{"line":228,"column":21}},"229":{"start":{"line":230,"column":0},"end":{"line":230,"column":29}},"230":{"start":{"line":231,"column":0},"end":{"line":231,"column":22}},"231":{"start":{"line":232,"column":0},"end":{"line":232,"column":18}},"233":{"start":{"line":234,"column":0},"end":{"line":234,"column":6}},"236":{"start":{"line":237,"column":0},"end":{"line":237,"column":37}},"238":{"start":{"line":239,"column":0},"end":{"line":239,"column":59}},"239":{"start":{"line":240,"column":0},"end":{"line":240,"column":64}},"240":{"start":{"line":241,"column":0},"end":{"line":241,"column":78}},"243":{"start":{"line":244,"column":0},"end":{"line":244,"column":58}},"244":{"start":{"line":245,"column":0},"end":{"line":245,"column":39}},"246":{"start":{"line":247,"column":0},"end":{"line":247,"column":91}},"247":{"start":{"line":248,"column":0},"end":{"line":248,"column":10}},"249":{"start":{"line":250,"column":0},"end":{"line":250,"column":16}},"250":{"start":{"line":251,"column":0},"end":{"line":251,"column":14}},"252":{"start":{"line":253,"column":0},"end":{"line":253,"column":103}},"253":{"start":{"line":254,"column":0},"end":{"line":254,"column":58}},"254":{"start":{"line":255,"column":0},"end":{"line":255,"column":58}},"255":{"start":{"line":256,"column":0},"end":{"line":256,"column":58}},"256":{"start":{"line":257,"column":0},"end":{"line":257,"column":58}},"257":{"start":{"line":258,"column":0},"end":{"line":258,"column":60}},"258":{"start":{"line":259,"column":0},"end":{"line":259,"column":22}},"260":{"start":{"line":261,"column":0},"end":{"line":261,"column":21}},"261":{"start":{"line":262,"column":0},"end":{"line":262,"column":36}},"262":{"start":{"line":263,"column":0},"end":{"line":263,"column":54}},"263":{"start":{"line":264,"column":0},"end":{"line":264,"column":31}},"264":{"start":{"line":265,"column":0},"end":{"line":265,"column":116}},"266":{"start":{"line":267,"column":0},"end":{"line":267,"column":58}},"267":{"start":{"line":268,"column":0},"end":{"line":268,"column":80}},"269":{"start":{"line":270,"column":0},"end":{"line":270,"column":32}},"270":{"start":{"line":271,"column":0},"end":{"line":271,"column":33}},"271":{"start":{"line":272,"column":0},"end":{"line":272,"column":49}},"272":{"start":{"line":273,"column":0},"end":{"line":273,"column":123}},"273":{"start":{"line":274,"column":0},"end":{"line":274,"column":47}},"274":{"start":{"line":275,"column":0},"end":{"line":275,"column":44}},"275":{"start":{"line":276,"column":0},"end":{"line":276,"column":127}},"277":{"start":{"line":278,"column":0},"end":{"line":278,"column":86}},"278":{"start":{"line":279,"column":0},"end":{"line":279,"column":96}},"279":{"start":{"line":280,"column":0},"end":{"line":280,"column":104}},"280":{"start":{"line":281,"column":0},"end":{"line":281,"column":72}},"281":{"start":{"line":282,"column":0},"end":{"line":282,"column":69}},"282":{"start":{"line":283,"column":0},"end":{"line":283,"column":42}},"283":{"start":{"line":284,"column":0},"end":{"line":284,"column":64}},"284":{"start":{"line":285,"column":0},"end":{"line":285,"column":46}},"285":{"start":{"line":286,"column":0},"end":{"line":286,"column":99}},"286":{"start":{"line":287,"column":0},"end":{"line":287,"column":97}},"288":{"start":{"line":289,"column":0},"end":{"line":289,"column":95}},"289":{"start":{"line":290,"column":0},"end":{"line":290,"column":105}},"290":{"start":{"line":291,"column":0},"end":{"line":291,"column":47}},"291":{"start":{"line":292,"column":0},"end":{"line":292,"column":42}},"292":{"start":{"line":293,"column":0},"end":{"line":293,"column":64}},"293":{"start":{"line":294,"column":0},"end":{"line":294,"column":71}},"294":{"start":{"line":295,"column":0},"end":{"line":295,"column":102}},"295":{"start":{"line":296,"column":0},"end":{"line":296,"column":88}},"296":{"start":{"line":297,"column":0},"end":{"line":297,"column":46}},"297":{"start":{"line":298,"column":0},"end":{"line":298,"column":42}},"298":{"start":{"line":299,"column":0},"end":{"line":299,"column":38}},"299":{"start":{"line":300,"column":0},"end":{"line":300,"column":34}},"301":{"start":{"line":302,"column":0},"end":{"line":302,"column":23}},"302":{"start":{"line":303,"column":0},"end":{"line":303,"column":52}},"303":{"start":{"line":304,"column":0},"end":{"line":304,"column":83}},"305":{"start":{"line":306,"column":0},"end":{"line":306,"column":30}},"307":{"start":{"line":308,"column":0},"end":{"line":308,"column":22}},"310":{"start":{"line":311,"column":0},"end":{"line":311,"column":50}},"311":{"start":{"line":312,"column":0},"end":{"line":312,"column":31}},"312":{"start":{"line":313,"column":0},"end":{"line":313,"column":50}},"313":{"start":{"line":314,"column":0},"end":{"line":314,"column":51}},"314":{"start":{"line":315,"column":0},"end":{"line":315,"column":49}},"315":{"start":{"line":316,"column":0},"end":{"line":316,"column":55}},"316":{"start":{"line":317,"column":0},"end":{"line":317,"column":40}},"317":{"start":{"line":318,"column":0},"end":{"line":318,"column":22}},"319":{"start":{"line":320,"column":0},"end":{"line":320,"column":15}},"321":{"start":{"line":322,"column":0},"end":{"line":322,"column":6}},"323":{"start":{"line":324,"
[...]
,"/Users/klajdikolaj/PycharmProjects/Eternia/ui/src/types/opentelemetry.d.ts": {"path":"/Users/klajdikolaj/PycharmProjects/Eternia/ui/src/types/opentelemetry.d.ts","all":true,"statementMap":{},"s":{},"branchMap":{"0":{"type":"branch","line":1,"loc":{"start":{"line":1,"column":1545},"end":{"line":55,"column":1}},"locations":[{"start":{"line":1,"column":1545},"end":{"line":55,"column":1}}]}},"b":{"0":[1]},"fnMap":{"0":{"name":"(empty-report)","decl":{"start":{"line":1,"column":1545},"end":{"line":55,"column":1}},"loc":{"start":{"line":1,"column":1545},"end":{"line":55,"column":1}},"line":1}},"f":{"0":1}}
,"/Users/klajdikolaj/PycharmProjects/Eternia/ui/src/utils/errorHandling.ts": {"path":"/Users/klajdikolaj/PycharmProjects/Eternia/ui/src/utils/errorHandling.ts","all":false,"statementMap":{"0":{"start":{"line":1,"column":0},"end":{"line":1,"column":40}},"1":{"start":{"line":2,"column":0},"end":{"line":2,"column":64}},"7":{"start":{"line":8,"column":0},"end":{"line":8,"column":38}},"8":{"start":{"line":9,"column":0},"end":{"line":9,"column":48}},"15":{"start":{"line":16,"column":0},"end":{"line":16,"column":72}},"16":{"start":{"line":17,"column":0},"end":{"line":17,"column":43}},"18":{"start":{"line":19,"column":0},"end":{"line":19,"column":89}},"20":{"start":{"line":21,"column":0},"end":{"line":21,"column":40}},"21":{"start":{"line":22,"column":0},"end":{"line":22,"column":51}},"23":{"start":{"line":24,"column":0},"end":{"line":24,"column":38}},"26":{"start":{"line":27,"column":0},"end":{"line":27,"column":58}},"27":{"start":{"line":28,"column":0},"end":{"line":28,"column":65}},"29":{"start":{"line":30,"column":0},"end":{"line":30,"column":55}},"30":{"start":{"line":31,"column":0},"end":{"line":31,"column":75}},"31":{"start":{"line":32,"column":0},"end":{"line":32,"column":44}},"32":{"start":{"line":33,"column":0},"end":{"line":33,"column":70}},"33":{"start":{"line":34,"column":0},"end":{"line":34,"column":44}},"34":{"start":{"line":35,"column":0},"end":{"line":35,"column":70}},"35":{"start":{"line":36,"column":0},"end":{"line":36,"column":112}},"37":{"start":{"line":38,"column":0},"end":{"line":38,"column":60}},"38":{"start":{"line":39,"column":0},"end":{"line":39,"column":92}},"39":{"start":{"line":40,"column":0},"end":{"line":40,"column":17}},"40":{"start":{"line":41,"column":0},"end":{"line":41,"column":44}},"42":{"start":{"line":43,"column":0},"end":{"line":43,"column":83}},"43":{"start":{"line":44,"column":0},"end":{"line":44,"column":13}},"44":{"start":{"line":45,"column":0},"end":{"line":45,"column":9}},"46":{"start":{"line":47,"column":0},"end":{"line":47,"column":25}},"47":{"start":{"line":48,"column":0},"end":{"line":48,"column":26}},"48":{"start":{"line":49,"column":0},"end":{"line":49,"column":20}},"49":{"start":{"line":50,"column":0},"end":{"line":50,"column":59}},"50":{"start":{"line":51,"column":0},"end":{"line":51,"column":11}},"51":{"start":{"line":52,"column":0},"end":{"line":52,"column":6}},"59":{"start":{"line":60,"column":0},"end":{"line":60,"column":55}},"60":{"start":{"line":61,"column":0},"end":{"line":61,"column":39}},"61":{"start":{"line":62,"column":0},"end":{"line":62,"column":29}},"62":{"start":{"line":63,"column":0},"end":{"line":63,"column":52}},"63":{"start":{"line":64,"column":0},"end":{"line":64,"column":38}},"64":{"start":{"line":65,"column":0},"end":{"line":65,"column":17}},"65":{"start":{"line":66,"column":0},"end":{"line":66,"column":41}},"66":{"start":{"line":67,"column":0},"end":{"line":67,"column":29}},"67":{"start":{"line":68,"column":0},"end":{"line":68,"column":52}},"68":{"start":{"line":69,"column":0},"end":{"line":69,"column":33}},"69":{"start":{"line":70,"column":0},"end":{"line":70,"column":13}},"70":{"start":{"line":71,"column":0},"end":{"line":71,"column":10}},"71":{"start":{"line":72,"column":0},"end":{"line":72,"column":6}},"73":{"start":{"line":74,"column":0},"end":{"line":74,"column":12}},"74":{"start":{"line":75,"column":0},"end":{"line":75,"column":23}},"75":{"start":{"line":76,"column":0},"end":{"line":76,"column":26}},"76":{"start":{"line":77,"column":0},"end":{"line":77,"column":6}},"77":{"start":{"line":78,"column":0},"end":{"line":78,"column":2}},"85":{"start":{"line":86,"column":0},"end":{"line":86,"column":58}},"86":{"start":{"line":87,"column":0},"end":{"line":87,"column":38}},"88":{"start":{"line":89,"column":0},"end":{"line":89,"column":26}},"89":{"start":{"line":90,"column":0},"end":{"line":90,"column":6}},"90":{"start":{"line":91,"column":0},"end":{"line":91,"column":58}},"91":{"start":{"line":92,"column":0},"end":{"line":92,"column":13}},"92":{"start":{"line":93,"column":0},"end":{"line":93,"column":40}},"93":{"start":{"line":94,"column":0},"end":{"line":94,"column":25}},"94":{"start":{"line":95,"column":0},"end":{"line":95,"column":47}},"97":{"start":{"line":98,"column":0},"end":{"line":98,"column":29}},"98":{"start":{"line":99,"column":0},"end":{"line":99,"column":9}},"99":{"start":{"line":100,"column":0},"end":{"line":100,"column":6}},"100":{"start":{"line":101,"column":0},"end":{"line":101,"column":2}}},"s":{"0":1,"1":1,"7":1,"8":74,"15":74,"16":1,"18":1,"20":1,"21":0,"23":0,"26":0,"27":0,"29":0,"30":0,"31":0,"32":0,"33":0,"34":0,"35":0,"37":0,"38":0,"39":0,"40":0,"42":0,"43":0,"44":0,"46":1,"47":1,"48":1,"49":1,"50":1,"51":1,"59":74,"60":0,"61":0,"62":0,"63":0,"64":0,"65":0,"66":0,"67":0,"68":0,"69":0,"70":0,"71":0,"73":74,"74":74,"75":74,"76":74,"77":74,"85":1,"86":52,"88":52,"89":52,"90":52,"91":19,"92":19,"93":19,"94":0,"97":0,"98":0,"99":19,"100":52},"branchMap":{"0":{"type":"branch","line":8,"loc":{"start":{"line":8,"column":31},"end":{"line":78,"column":2}},"locations":[{"start":{"line":8,"column":31},"end":{"line":78,"column":2}}]},"1":{"type":"branch","line":16,"loc":{"start":{"line":16,"column":27},"end":{"line":52,"column":6}},"locations":[{"start":{"line":16,"column":27},"end":{"line":52,"column":6}}]},"2":{"type":"branch","line":19,"loc":{"start":{"line":19,"column":22},"end":{"line":19,"column":89}},"locations":[{"start":{"line":19,"column":22},"end":{"line":19,"column":89}}]},"3":{"type":"branch","line":21,"loc":{"start":{"line":21,"column":39},"end":{"line":45,"column":9}},"locations":[{"start":{"line":21,"column":39},"end":{"line":45,"column":9}}]},"4":{"type":"branch","line":86,"loc":{"start":{"line":86,"column":33},"end":{"line":101,"column":2}},"locations":[{"start":{"line":86,"column":33},"end":{"line":101,"column":2}}]},"5":{"type":"branch","line":91,"loc":{"start":{"line":91,"column":11},"end":{"line":100,"column":6}},"locations":[{"start":{"line":91,"column":11},"end":{"line":100,"column":6}}]},"6":{"type":"branch","line":94,"loc":{"start":{"line":94,"column":8},"end":{"line":99,"column":9}},"locations":[{"start":{"line":94,"column":8},"end":{"line":99,"column":9}}]}},"b":{"0":[74],"1":[1],"2":[0],"3":[0],"4":[52],"5":[19],"6":[0]},"fnMap":{"0":{"name":"useErrorHandler","decl":{"start":{"line":8,"column":31},"end":{"line":78,"column":2}},"loc":{"start":{"line":8,"column":31},"end":{"line":78,"column":2}},"line":8},"1":{"name":"handleApiError","decl":{"start":{"line":16,"column":27},"end":{"line":52,"column":6}},"loc":{"start":{"line":16,"column":27},"end":{"line":52,"column":6}},"line":16},"2":{"name":"withErrorHandling","decl":{"start":{"line":60,"column":30},"end":{"line":72,"column":6}},"loc":{"start":{"line":60,"column":30},"end":{"line":72,"column":6}},"line":60},"3":{"name":"createSafeApiCall","decl":{"start":{"line":86,"column":33},"end":{"line":101,"column":2}},"loc":{"start":{"line":86,"column":33},"end":{"line":101,"column":2}},"line":86}},"f":{"0":74,"1":1,"2":0,"3":52}}
,"/Users/klajdikolaj/PycharmProjects/Eternia/ui/src/utils/tracing.ts": {"path":"/Users/klajdikolaj/PycharmProjects/Eternia/ui/src/utils/tracing.ts","all":true,"statementMap":{"4":{"start":{"line":5,"column":0},"end":{"line":5,"column":26}},"5":{"start":{"line":6,"column":0},"end":{"line":6,"column":65}},"6":{"start":{"line":7,"column":0},"end":{"line":7,"column":52}},"7":{"start":{"line":8,"column":0},"end":{"line":8,"column":81}},"8":{"start":{"line":9,"column":0},"end":{"line":9,"column":67}},"9":{"start":{"line":10,"column":0},"end":{"line":10,"column":76}},"10":{"start":{"line":11,"column":0},"end":{"line":11,"column":65}},"11":{"start":{"line":12,"column":0},"end":{"line":12,"column":74}},"12":{"start":{"line":13,"column":0},"end":{"line":13,"column":91}},"13":{"start":{"line":14,"column":0},"end":{"line":14,"column":96}},"14":{"start":{"line":15,"column":0},"end":{"line":15,"column":76}},"15":{"start":{"line":16,"column":0},"end":{"line":16,"column":97}},"16":{"start":{"line":17,"column":0},"end":{"line":17,"column":84}},"19":{"start":{"line":20,"column":0},"end":{"line":20,"column":61}},"29":{"start":{"line":30,"column":0},"end":{"line":30,"column":28}},"30":{"start":{"line":31,"column":0},"end":{"line":31,"column":22}},"31":{"start":{"line":32,"column":0},"end":{"line":32,"column":38}},"32":{"start":{"line":33,"column":0},"end":{"line":33,"column":42}},"33":{"start":{"line":34,"column":0},"end":{"line":34,"column":51}},"34":{"start":{"line":35,"column":0},"end":{"line":35,"column":9}},"36":{"start":{"line":37,"column":0},"end":{"line":37,"column":33}},"37":{"start":{"line":38,"column":0},"end":{"line":38,"column":59}},"38":{"start":{"line":39,"column":0},"end":{"line":39,"column":62}},"39":{"start":{"line":40,"column":0},"end":{"line":40,"column":69}},"40":{"start":{"line":41,"column":0},"end":{"line":41,"column":28}},"41":{"start":{"line":42,"column":0},"end":{"line":42,"column":5}},"44":{"start":{"line":45,"column":0},"end":{"line":45,"column":55}},"47":{"start":{"line":48,"column":0},"end":{"line":48,"column":42}},"48":{"start":{"line":49,"column":0},"end":{"line":49,"column":22}},"49":{"start":{"line":50,"column":0},"end":{"line":50,"column":5}},"52":{"start":{"line":53,"column":0},"end":{"line":53,"column":62}},"55":{"start":{"line":56,"column":0},"end":{"line":56,"column":21}},"56":{"start":{"line":57,"column":0},"end":{"line":57,"column":45}},"57":{"start":{"line":58,"column":0},"end":{"line":58,"column":5}},"60":{"start":{"line":61,"column":0},"end":{"line":61,"column":28}},"61":{"start":{"line":62,"column":0},"end":{"line":62,"column":23}},"63":{"start":{"line":64,"column":0},"end":{"line":64,"column":40}},"66":{"start":{"line":67,"column":0},"end":{"line":67,"column":41}},"67":{"start":{"line":68,"column":0},"end":{"line":68,"column":84}},"68":{"start":{"line":69,"column":0},"end":{"line":69,"column":9}},"71":{"start":{"line":72,"column":0},"end":{"line":72,"column":32}},"72":{"start":{"line":73,"column":0},"end":{"line":73,"column":84}},"73":{"start":{"line":74,"column":0},"end":{"line":74,"column":9}},"76":{"start":{"line":77,"column":0},"end":{"line":77,"column":43}},"77":{"start":{"line":78,"column":0},"end":{"line":78,"column":6}},"78":{"start":{"line":79,"column":0},"end":{"line":79,"column":5}},"81":{"start":{"line":82,"column":0},"end":{"line":82,"column":40}},"83":{"start":{"line":84,"column":0},"end":{"line":84,"column":108}},"84":{"start":{"line":85,"column":0},"end":{"line":85,"column":1}},"92":{"start":{"line":93,"column":0},"end":{"line":93,"column":65}},"93":{"start":{"line":94,"column":0},"end":{"line":94,"column":16}},"94":{"start":{"line":95,"column":0},"end":{"line":95,"column":83}},"95":{"start":{"line":96,"column":0},"end":{"line":96,"column":3}},"96":{"start":{"line":97,"column":0},"end":{"line":97,"column":16}},"97":{"start":{"line":98,"column":0},"end":{"line":98,"column":1}},"107":{"start":{"line":108,"column":0},"end":{"line":108,"column":27}},"108":{"start":{"line":109,"column":0},"end":{"line":109,"column":15}},"109":{"start":{"line":110,"column":0},"end":{"line":110,"column":61}},"110":{"start":{"line":111,"column":0},"end":{"line":111,"column":35}},"111":{"start":{"line":112,"column":0},"end":{"line":112,"column":9}},"112":{"start":{"line":113,"column":0},"end":{"line":113,"column":16}},"113":{"start":{"line":114,"column":0},"end":{"line":114,"column":83}},"114":{"start":{"line":115,"column":0},"end":{"line":115,"column":3}},"116":{"start":{"line":117,"column":0},"end":{"line":117,"column":48}},"119":{"start":{"line":120,"column":0},"end":{"line":120,"column":56}},"120":{"start":{"line":121,"column":0},"end":{"line":121,"column":34}},"121":{"start":{"line":122,"column":0},"end":{"line":122,"column":5}},"123":{"start":{"line":124,"column":0},"end":{"line":124,"column":14}},"124":{"start":{"line":125,"column":0},"end":{"line":125,"column":1}},"135":{"start":{"line":136,"column":0},"end":{"line":136,"column":34}},"136":{"start":{"line":137,"column":0},"end":{"line":137,"column":15}},"137":{"start":{"line":138,"column":0},"end":{"line":138,"column":37}},"138":{"start":{"line":139,"column":0},"end":{"line":139,"column":61}},"139":{"start":{"line":140,"column":0},"end":{"line":140,"column":35}},"140":{"start":{"line":141,"column":0},"end":{"line":141,"column":15}},"141":{"start":{"line":142,"column":0},"end":{"line":142,"column":16}},"142":{"start":{"line":143,"column":0},"end":{"line":143,"column":26}},"143":{"start":{"line":144,"column":0},"end":{"line":144,"column":3}},"145":{"start":{"line":146,"column":0},"end":{"line":146,"column":50}},"147":{"start":{"line":148,"column":0},"end":{"line":148,"column":7}},"149":{"start":{"line":150,"column":0},"end":{"line":150,"column":82}},"150":{"start":{"line":151,"column":0},"end":{"line":151,"column":36}},"151":{"start":{"line":152,"column":0},"end":{"line":152,"column":17}},"152":{"start":{"line":153,"column":0},"end":{"line":153,"column":20}},"153":{"start":{"line":154,"column":0},"end":{"line":154,"column":7}},"154":{"start":{"line":155,"column":0},"end":{"line":155,"column":19}},"156":{"start":{"line":157,"column":0},"end":{"line":157,"column":20}},"157":{"start":{"line":158,"column":0},"end":{"line":158,"column":33}},"158":{"start":{"line":159,"column":0},"end":{"line":159,"column":70}},"159":{"start":{"line":160,"column":0},"end":{"line":160,"column":7}},"161":{"start":{"line":162,"column":0},"end":{"line":162,"column":33}},"162":{"start":{"line":163,"column":0},"end":{"line":163,"column":34}},"163":{"start":{"line":164,"column":0},"end":{"line":164,"column":5}},"165":{"start":{"line":166,"column":0},"end":{"line":166,"column":15}},"166":{"start":{"line":167,"column":0},"end":{"line":167,"column":16}},"167":{"start":{"line":168,"column":0},"end":{"line":168,"column":3}},"168":{"start":{"line":169,"column":0},"end":{"line":169,"column":1}},"175":{"start":{"line":176,"column":0},"end":{"line":176,"column":52}},"176":{"start":{"line":177,"column":0},"end":{"line":177,"column":41}},"177":{"start":{"line":178,"column":0},"end":{"line":178,"column":1}},"185":{"start":{"line":186,"column":0},"end":{"line":186,"column":87}},"186":{"start":{"line":187,"column":0},"end":{"line":187,"column":32}},"187":{"start":{"line":188,"column":0},"end":{"line":188,"column":13}},"188":{"start":{"line":189,"column":0},"end":{"line":189,"column":34}},"189":{"start":{"line":190,"column":0},"end":{"line":190,"column":3}},"190":{"start":{"line":191,"column":0},"end":{"line":191,"column":1}},"197":{"start":{"line":198,"column":0},"end":{"line":198,"column":53}},"198":{"start":{"line":199,"column":0},"end":{"line":199,"column":32}},"199":{"start":{"line":200,"column":0},"end":{"line":200,"column":13}},"200":{"start":{"line":201,"column":0},"end":{"line":201,"column":32}},"201":{"start":{"line":202,"column":0},"end":{"line":202,"column":20}},"202":{"start":{"line":203,"column":0},"end":{"line":203,"column":33}},"203":{"start":{"line":204,"column":0},"end":{"line":204,"column":29}},"204":{"start":{"line":205,"column":0},"end":{"line":205,"column":7}},"205":{"start":{"line":206,"column":0},"end":{"line":206,"column":3}},"206":{"start":{"line":207,"column":0},"end":{"line":207,"column":1}},"215":{"start":{"line":216,"column":0},"end":{"line":216,"column":49}},"216":{"start":{"line":217,"column":0},"end":{"line":217,"column":36}},"217":{"start":{"line":218,"column":0},"end":{"line":218,"column":15}},"218":{"start":{"line":219,"column":0},"end":{"line":219,"column":27}},"219":{"start":{"line":220,"column":0},"end":{"line":220,"column":84}},"220":{"start":{"line":221,"column":0},"end":{"line":221,"column":51}},"222":{"start":{"line":223,"column":0},"end":{"line":223,"column":41}},"223":{"start":{"line":224,"column":0},"end":{"line":224,"column":28}},"224":{"start":{"line":225,"column":0},"end":{"line":225,"column":15}},"225":{"start":{"line":226,"column":0},"end":{"line":226,"column":50}},"226":{"start":{"line":227,"column":0},"end":{"line":227,"column":32}},"227":{"start":{"line":228,"column":0},"end":{"line":228,"column":6}},"229":{"start":{"line":230,"column":0},"end":{"line":230,"column":18}},"230":{"start":{"line":231,"column":0},"end":{"line":231,"column":4}},"232":{"start":{"line":233,"column":0},"end":{"line":233,"column":57}},"234":{"start":{"line":235,"column":0},"end":{"line":235,"column":25}},"235":{"start":{"line":236,"column":0},"end":{"line":236,"column":1}},"244":{"start":{"line":245,"column":0},"end":{"line":245,"column":33}},"245":{"start":{"line":246,"column":0},"end":{"line":246,"column":15}},"246":{"start":{"line":247,"column":0},"end":{"line":247,"column":60}},"247":{"start":{"line":248,"column":0},"end":{"line":248,"column":48}},"248":{"start":{"line":249,"column":0},"end":{"line":249,"column":55}},"249":{"start":{"line":250,"column":0},"end":{"line":250,"column":39}},"250":{"start":{"line":251,"column":0},"end":{"line":251,"column":24}},"251":{"start":{"line":252,"column":0},"end":{"line":252,"column":19}},"252":{"start":{"line":253,"column":0},"end":{"line":253,"column":4}},"253":{"start":{"line":254,"column":0},"end":{"line":254,"column":1}}},"s":{"4":0,"5":0,"6":0,"7":0,"8":0,"9":0,"10":0,"11":0,"12":0,"13":0,"14":0,"15":0,"16":0,"19":0,"29":0,"30":0,"31":0,"32":0,"33":0,"34":0,"36":0,"37":0,"38":0,"39":0,"40":0,"41":0,"44":0,"47":0,"48":0,"49":0,"52":0,"55":0,"56":0,"57":0,"60":0,"61":0,"63":0,"66":0,"67":0,"68":0,"71":0,"72":0,"73":0,"76":0,"77":0,"78":0,"81":0,"83":0,"84":0,"92":0,"93":0,"94":0,"95":0,"96":0,"97":0,"107":0,"108":0,"109":0,"110":0,"111":0,"112":0,"113":0,"114":0,"116":0,"119":0,"120":0,"121":0,"123":0,"124":0,"135":0,"136":0,"137":0,"138":0,"139":0,"140":0,"141":0,"142":0,"143":0,"145":0,"147":0,"149":0,"150":0,"151":0,"152":0,"153":0,"154":0,"156":0,"157":0,"158":0,"159":0,"161":0,"162":0,"163":0,"165":0,"166":0,"167":0,"168":0,"175":0,"176":0,"177":0,"185":0,"186":0,"187":0,"188":0,"189":0,"190":0,"197":0,"198":0,"199":0,"200":0,"201":0,"202":0,"203":0,"204":0,"205":0,"206":0,"215":0,"216":0,"217":0,"218":0,"219":0,"220":0,"222":0,"223":0,"224":0,"225":0,"226":0,"227":0,"229":0,"230":0,"232":0,"234":0,"235":0,"244":0,"245":0,"246":0,"247":0,"248":0,"249":0,"250":0,"251":0,"252":0,"253":0},"branchMap":{"0":{"type":"branch","line":1,"loc":{"start":{"line":1,"column":7450},"end":{"line":254,"column":1}},"locations":[{"start":{"line":1,"column":7450},"end":{"line":254,"column":1}}]}},"b":{"0":[1]},"fnMap":{"0":{"name":"(empty-report)","decl":{"start":{"line":1,"column":7450},"end":{"line":254,"column":1}},"loc":{"start":{"line":1,"column":7450},"end":{"line":254,"column":1}},"line":1}},"f":{"0":1}}
}
